{"C:\\Users\\Guru\\Desktop\\Projects\\Software\\Zero-Vault-Overall\\App\\secure_password_demo\\client\\src\\app\\components\\EntryModal.tsx": {"path":"C:\\Users\\Guru\\Desktop\\Projects\\Software\\Zero-Vault-Overall\\App\\secure_password_demo\\client\\src\\app\\components\\EntryModal.tsx","statementMap":{"0":{"start":{"line":19,"column":36},"end":{"line":25,"column":null}},"1":{"start":{"line":27,"column":31},"end":{"line":30,"column":null}},"2":{"start":{"line":34,"column":32},"end":{"line":40,"column":null}},"3":{"start":{"line":41,"column":28},"end":{"line":41,"column":null}},"4":{"start":{"line":42,"column":40},"end":{"line":42,"column":null}},"5":{"start":{"line":43,"column":44},"end":{"line":43,"column":null}},"6":{"start":{"line":44,"column":46},"end":{"line":44,"column":null}},"7":{"start":{"line":47,"column":4},"end":{"line":60,"column":null}},"8":{"start":{"line":48,"column":8},"end":{"line":59,"column":null}},"9":{"start":{"line":50,"column":12},"end":{"line":54,"column":null}},"10":{"start":{"line":55,"column":12},"end":{"line":55,"column":null}},"11":{"start":{"line":56,"column":12},"end":{"line":56,"column":null}},"12":{"start":{"line":57,"column":12},"end":{"line":57,"column":null}},"13":{"start":{"line":58,"column":12},"end":{"line":58,"column":null}},"14":{"start":{"line":62,"column":23},"end":{"line":69,"column":null}},"15":{"start":{"line":71,"column":21},"end":{"line":90,"column":null}},"16":{"start":{"line":72,"column":69},"end":{"line":72,"column":null}},"17":{"start":{"line":74,"column":8},"end":{"line":76,"column":null}},"18":{"start":{"line":75,"column":12},"end":{"line":75,"column":null}},"19":{"start":{"line":78,"column":8},"end":{"line":80,"column":null}},"20":{"start":{"line":79,"column":12},"end":{"line":79,"column":null}},"21":{"start":{"line":82,"column":8},"end":{"line":86,"column":null}},"22":{"start":{"line":83,"column":12},"end":{"line":83,"column":null}},"23":{"start":{"line":84,"column":8},"end":{"line":86,"column":null}},"24":{"start":{"line":85,"column":12},"end":{"line":85,"column":null}},"25":{"start":{"line":88,"column":8},"end":{"line":88,"column":null}},"26":{"start":{"line":89,"column":8},"end":{"line":89,"column":null}},"27":{"start":{"line":92,"column":25},"end":{"line":99,"column":null}},"28":{"start":{"line":93,"column":8},"end":{"line":93,"column":null}},"29":{"start":{"line":95,"column":8},"end":{"line":98,"column":null}},"30":{"start":{"line":96,"column":12},"end":{"line":96,"column":null}},"31":{"start":{"line":97,"column":12},"end":{"line":97,"column":null}},"32":{"start":{"line":101,"column":24},"end":{"line":103,"column":null}},"33":{"start":{"line":102,"column":8},"end":{"line":102,"column":null}},"34":{"start":{"line":105,"column":25},"end":{"line":110,"column":null}},"35":{"start":{"line":106,"column":8},"end":{"line":106,"column":null}},"36":{"start":{"line":106,"column":43},"end":{"line":106,"column":71}},"37":{"start":{"line":107,"column":8},"end":{"line":109,"column":null}},"38":{"start":{"line":108,"column":12},"end":{"line":108,"column":null}},"39":{"start":{"line":108,"column":31},"end":{"line":108,"column":63}},"40":{"start":{"line":112,"column":4},"end":{"line":398,"column":null}},"41":{"start":{"line":131,"column":44},"end":{"line":131,"column":null}},"42":{"start":{"line":172,"column":61},"end":{"line":172,"column":null}},"43":{"start":{"line":186,"column":55},"end":{"line":186,"column":null}},"44":{"start":{"line":192,"column":74},"end":{"line":192,"column":100}},"45":{"start":{"line":217,"column":56},"end":{"line":217,"column":null}},"46":{"start":{"line":218,"column":56},"end":{"line":218,"column":null}},"47":{"start":{"line":227,"column":52},"end":{"line":243,"column":null}},"48":{"start":{"line":231,"column":60},"end":{"line":231,"column":null}},"49":{"start":{"line":232,"column":60},"end":{"line":232,"column":null}},"50":{"start":{"line":261,"column":61},"end":{"line":261,"column":null}},"51":{"start":{"line":280,"column":61},"end":{"line":280,"column":null}},"52":{"start":{"line":286,"column":59},"end":{"line":286,"column":null}},"53":{"start":{"line":297,"column":59},"end":{"line":297,"column":null}},"54":{"start":{"line":312,"column":96},"end":{"line":312,"column":127}},"55":{"start":{"line":332,"column":65},"end":{"line":332,"column":null}},"56":{"start":{"line":349,"column":65},"end":{"line":349,"column":null}},"57":{"start":{"line":363,"column":65},"end":{"line":363,"column":null}}},"fnMap":{"0":{"name":"EntryModal","decl":{"start":{"line":33,"column":24},"end":{"line":33,"column":35}},"loc":{"start":{"line":33,"column":94},"end":{"line":400,"column":null}},"line":33},"1":{"name":"(anonymous_1)","decl":{"start":{"line":47,"column":14},"end":{"line":47,"column":20}},"loc":{"start":{"line":47,"column":20},"end":{"line":60,"column":7}},"line":47},"2":{"name":"(anonymous_2)","decl":{"start":{"line":71,"column":21},"end":{"line":71,"column":36}},"loc":{"start":{"line":71,"column":36},"end":{"line":90,"column":null}},"line":71},"3":{"name":"(anonymous_3)","decl":{"start":{"line":92,"column":25},"end":{"line":92,"column":26}},"loc":{"start":{"line":92,"column":49},"end":{"line":99,"column":null}},"line":92},"4":{"name":"(anonymous_4)","decl":{"start":{"line":101,"column":24},"end":{"line":101,"column":30}},"loc":{"start":{"line":101,"column":30},"end":{"line":103,"column":null}},"line":101},"5":{"name":"(anonymous_5)","decl":{"start":{"line":105,"column":25},"end":{"line":105,"column":26}},"loc":{"start":{"line":105,"column":79},"end":{"line":110,"column":null}},"line":105},"6":{"name":"(anonymous_6)","decl":{"start":{"line":106,"column":20},"end":{"line":106,"column":21}},"loc":{"start":{"line":106,"column":43},"end":{"line":106,"column":71}},"line":106},"7":{"name":"(anonymous_7)","decl":{"start":{"line":108,"column":22},"end":{"line":108,"column":31}},"loc":{"start":{"line":108,"column":31},"end":{"line":108,"column":63}},"line":108},"8":{"name":"(anonymous_8)","decl":{"start":{"line":131,"column":37},"end":{"line":131,"column":38}},"loc":{"start":{"line":131,"column":44},"end":{"line":131,"column":null}},"line":131},"9":{"name":"(anonymous_9)","decl":{"start":{"line":172,"column":54},"end":{"line":172,"column":55}},"loc":{"start":{"line":172,"column":61},"end":{"line":172,"column":null}},"line":172},"10":{"name":"(anonymous_10)","decl":{"start":{"line":186,"column":49},"end":{"line":186,"column":55}},"loc":{"start":{"line":186,"column":55},"end":{"line":186,"column":null}},"line":186},"11":{"name":"(anonymous_11)","decl":{"start":{"line":192,"column":69},"end":{"line":192,"column":74}},"loc":{"start":{"line":192,"column":74},"end":{"line":192,"column":100}},"line":192},"12":{"name":"(anonymous_12)","decl":{"start":{"line":216,"column":61},"end":{"line":216,"column":67}},"loc":{"start":{"line":216,"column":67},"end":{"line":219,"column":null}},"line":216},"13":{"name":"(anonymous_13)","decl":{"start":{"line":226,"column":64},"end":{"line":226,"column":65}},"loc":{"start":{"line":227,"column":52},"end":{"line":243,"column":null}},"line":227},"14":{"name":"(anonymous_14)","decl":{"start":{"line":230,"column":65},"end":{"line":230,"column":71}},"loc":{"start":{"line":230,"column":71},"end":{"line":233,"column":null}},"line":230},"15":{"name":"(anonymous_15)","decl":{"start":{"line":261,"column":54},"end":{"line":261,"column":55}},"loc":{"start":{"line":261,"column":61},"end":{"line":261,"column":null}},"line":261},"16":{"name":"(anonymous_16)","decl":{"start":{"line":280,"column":54},"end":{"line":280,"column":55}},"loc":{"start":{"line":280,"column":61},"end":{"line":280,"column":null}},"line":280},"17":{"name":"(anonymous_17)","decl":{"start":{"line":286,"column":53},"end":{"line":286,"column":59}},"loc":{"start":{"line":286,"column":59},"end":{"line":286,"column":null}},"line":286},"18":{"name":"(anonymous_18)","decl":{"start":{"line":297,"column":53},"end":{"line":297,"column":59}},"loc":{"start":{"line":297,"column":59},"end":{"line":297,"column":null}},"line":297},"19":{"name":"(anonymous_19)","decl":{"start":{"line":312,"column":87},"end":{"line":312,"column":88}},"loc":{"start":{"line":312,"column":96},"end":{"line":312,"column":127}},"line":312},"20":{"name":"(anonymous_20)","decl":{"start":{"line":332,"column":58},"end":{"line":332,"column":59}},"loc":{"start":{"line":332,"column":65},"end":{"line":332,"column":null}},"line":332},"21":{"name":"(anonymous_21)","decl":{"start":{"line":349,"column":58},"end":{"line":349,"column":59}},"loc":{"start":{"line":349,"column":65},"end":{"line":349,"column":null}},"line":349},"22":{"name":"(anonymous_22)","decl":{"start":{"line":363,"column":58},"end":{"line":363,"column":59}},"loc":{"start":{"line":363,"column":65},"end":{"line":363,"column":null}},"line":363}},"branchMap":{"0":{"loc":{"start":{"line":35,"column":8},"end":{"line":39,"column":null}},"type":"binary-expr","locations":[{"start":{"line":35,"column":8},"end":{"line":35,"column":17}},{"start":{"line":35,"column":17},"end":{"line":39,"column":null}}],"line":35},"1":{"loc":{"start":{"line":48,"column":8},"end":{"line":59,"column":null}},"type":"if","locations":[{"start":{"line":48,"column":8},"end":{"line":59,"column":null}},{"start":{},"end":{}}],"line":48},"2":{"loc":{"start":{"line":50,"column":24},"end":{"line":54,"column":13}},"type":"binary-expr","locations":[{"start":{"line":50,"column":24},"end":{"line":50,"column":33}},{"start":{"line":50,"column":33},"end":{"line":54,"column":13}}],"line":50},"3":{"loc":{"start":{"line":74,"column":8},"end":{"line":76,"column":null}},"type":"if","locations":[{"start":{"line":74,"column":8},"end":{"line":76,"column":null}},{"start":{},"end":{}}],"line":74},"4":{"loc":{"start":{"line":78,"column":8},"end":{"line":80,"column":null}},"type":"if","locations":[{"start":{"line":78,"column":8},"end":{"line":80,"column":null}},{"start":{},"end":{}}],"line":78},"5":{"loc":{"start":{"line":82,"column":8},"end":{"line":86,"column":null}},"type":"if","locations":[{"start":{"line":82,"column":8},"end":{"line":86,"column":null}},{"start":{"line":84,"column":8},"end":{"line":86,"column":null}}],"line":82},"6":{"loc":{"start":{"line":84,"column":8},"end":{"line":86,"column":null}},"type":"if","locations":[{"start":{"line":84,"column":8},"end":{"line":86,"column":null}},{"start":{},"end":{}}],"line":84},"7":{"loc":{"start":{"line":95,"column":8},"end":{"line":98,"column":null}},"type":"if","locations":[{"start":{"line":95,"column":8},"end":{"line":98,"column":null}},{"start":{},"end":{}}],"line":95},"8":{"loc":{"start":{"line":107,"column":8},"end":{"line":109,"column":null}},"type":"if","locations":[{"start":{"line":107,"column":8},"end":{"line":109,"column":null}},{"start":{},"end":{}}],"line":107},"9":{"loc":{"start":{"line":114,"column":13},"end":{"line":396,"column":null}},"type":"binary-expr","locations":[{"start":{"line":114,"column":13},"end":{"line":114,"column":null}},{"start":{"line":115,"column":16},"end":{"line":396,"column":null}}],"line":114},"10":{"loc":{"start":{"line":140,"column":41},"end":{"line":140,"column":null}},"type":"cond-expr","locations":[{"start":{"line":140,"column":58},"end":{"line":140,"column":76}},{"start":{"line":140,"column":76},"end":{"line":140,"column":null}}],"line":140},"11":{"loc":{"start":{"line":143,"column":41},"end":{"line":143,"column":null}},"type":"cond-expr","locations":[{"start":{"line":143,"column":58},"end":{"line":143,"column":95}},{"start":{"line":143,"column":95},"end":{"line":143,"column":null}}],"line":143},"12":{"loc":{"start":{"line":174,"column":179},"end":{"line":174,"column":237}},"type":"cond-expr","locations":[{"start":{"line":174,"column":196},"end":{"line":174,"column":219}},{"start":{"line":174,"column":219},"end":{"line":174,"column":237}}],"line":174},"13":{"loc":{"start":{"line":177,"column":37},"end":{"line":177,"column":null}},"type":"binary-expr","locations":[{"start":{"line":177,"column":37},"end":{"line":177,"column":55}},{"start":{"line":177,"column":55},"end":{"line":177,"column":null}}],"line":177},"14":{"loc":{"start":{"line":190,"column":45},"end":{"line":199,"column":null}},"type":"cond-expr","locations":[{"start":{"line":191,"column":48},"end":{"line":194,"column":null}},{"start":{"line":196,"column":48},"end":{"line":199,"column":null}}],"line":190},"15":{"loc":{"start":{"line":202,"column":118},"end":{"line":202,"column":168}},"type":"cond-expr","locations":[{"start":{"line":202,"column":135},"end":{"line":202,"column":166}},{"start":{"line":202,"column":166},"end":{"line":202,"column":168}}],"line":202},"16":{"loc":{"start":{"line":206,"column":41},"end":{"line":245,"column":null}},"type":"binary-expr","locations":[{"start":{"line":206,"column":41},"end":{"line":206,"column":null}},{"start":{"line":207,"column":44},"end":{"line":245,"column":null}}],"line":206},"17":{"loc":{"start":{"line":238,"column":77},"end":{"line":238,"column":130}},"type":"cond-expr","locations":[{"start":{"line":238,"column":108},"end":{"line":238,"column":125}},{"start":{"line":238,"column":125},"end":{"line":238,"column":130}}],"line":238},"18":{"loc":{"start":{"line":240,"column":57},"end":{"line":241,"column":null}},"type":"binary-expr","locations":[{"start":{"line":240,"column":57},"end":{"line":240,"column":null}},{"start":{"line":241,"column":60},"end":{"line":241,"column":null}}],"line":240},"19":{"loc":{"start":{"line":263,"column":179},"end":{"line":263,"column":238}},"type":"cond-expr","locations":[{"start":{"line":263,"column":197},"end":{"line":263,"column":220}},{"start":{"line":263,"column":220},"end":{"line":263,"column":238}}],"line":263},"20":{"loc":{"start":{"line":266,"column":37},"end":{"line":266,"column":null}},"type":"binary-expr","locations":[{"start":{"line":266,"column":37},"end":{"line":266,"column":56}},{"start":{"line":266,"column":56},"end":{"line":266,"column":null}}],"line":266},"21":{"loc":{"start":{"line":278,"column":50},"end":{"line":278,"column":null}},"type":"cond-expr","locations":[{"start":{"line":278,"column":65},"end":{"line":278,"column":74}},{"start":{"line":278,"column":74},"end":{"line":278,"column":null}}],"line":278},"22":{"loc":{"start":{"line":282,"column":180},"end":{"line":282,"column":239}},"type":"cond-expr","locations":[{"start":{"line":282,"column":198},"end":{"line":282,"column":221}},{"start":{"line":282,"column":221},"end":{"line":282,"column":239}}],"line":282},"23":{"loc":{"start":{"line":292,"column":37},"end":{"line":292,"column":null}},"type":"binary-expr","locations":[{"start":{"line":292,"column":37},"end":{"line":292,"column":56}},{"start":{"line":292,"column":56},"end":{"line":292,"column":null}}],"line":292},"24":{"loc":{"start":{"line":301,"column":100},"end":{"line":301,"column":135}},"type":"cond-expr","locations":[{"start":{"line":301,"column":118},"end":{"line":301,"column":133}},{"start":{"line":301,"column":133},"end":{"line":301,"column":135}}],"line":301},"25":{"loc":{"start":{"line":304,"column":45},"end":{"line":314,"column":null}},"type":"binary-expr","locations":[{"start":{"line":304,"column":45},"end":{"line":304,"column":null}},{"start":{"line":305,"column":48},"end":{"line":314,"column":null}}],"line":304},"26":{"loc":{"start":{"line":331,"column":55},"end":{"line":331,"column":null}},"type":"binary-expr","locations":[{"start":{"line":331,"column":55},"end":{"line":331,"column":84}},{"start":{"line":331,"column":84},"end":{"line":331,"column":null}}],"line":331},"27":{"loc":{"start":{"line":348,"column":55},"end":{"line":348,"column":null}},"type":"binary-expr","locations":[{"start":{"line":348,"column":55},"end":{"line":348,"column":82}},{"start":{"line":348,"column":82},"end":{"line":348,"column":null}}],"line":348},"28":{"loc":{"start":{"line":362,"column":57},"end":{"line":362,"column":null}},"type":"binary-expr","locations":[{"start":{"line":362,"column":57},"end":{"line":362,"column":80}},{"start":{"line":362,"column":80},"end":{"line":362,"column":null}}],"line":362},"29":{"loc":{"start":{"line":390,"column":41},"end":{"line":390,"column":null}},"type":"cond-expr","locations":[{"start":{"line":390,"column":58},"end":{"line":390,"column":104}},{"start":{"line":390,"column":104},"end":{"line":390,"column":null}}],"line":390}},"s":{"0":1,"1":1,"2":21,"3":21,"4":21,"5":21,"6":21,"7":21,"8":6,"9":6,"10":6,"11":6,"12":6,"13":6,"14":21,"15":21,"16":2,"17":2,"18":1,"19":2,"20":1,"21":2,"22":1,"23":1,"24":0,"25":2,"26":2,"27":21,"28":2,"29":2,"30":1,"31":1,"32":21,"33":1,"34":21,"35":4,"36":4,"37":4,"38":0,"39":0,"40":21,"41":6,"42":1,"43":1,"44":2,"45":0,"46":0,"47":6,"48":1,"49":1,"50":1,"51":1,"52":2,"53":0,"54":0,"55":0,"56":0,"57":0},"f":{"0":21,"1":6,"2":2,"3":2,"4":1,"5":4,"6":4,"7":0,"8":6,"9":1,"10":1,"11":2,"12":0,"13":6,"14":1,"15":1,"16":1,"17":2,"18":0,"19":0,"20":0,"21":0,"22":0},"b":{"0":[21,19],"1":[6,0],"2":[6,5],"3":[1,1],"4":[1,1],"5":[1,1],"6":[0,1],"7":[1,1],"8":[0,4],"9":[21,21],"10":[19,2],"11":[19,2],"12":[1,20],"13":[21,1],"14":[1,20],"15":[1,20],"16":[21,1],"17":[0,6],"18":[6,0],"19":[1,20],"20":[21,1],"21":[1,20],"22":[1,20],"23":[21,1],"24":[0,21],"25":[21,0],"26":[21,21],"27":[21,21],"28":[21,19],"29":[19,2]},"meta":{"lastBranch":30,"lastFunction":23,"lastStatement":58,"seen":{"s:19:36:25:Infinity":0,"s:27:31:30:Infinity":1,"f:33:24:33:35":0,"s:34:32:40:Infinity":2,"b:35:8:35:17:35:17:39:Infinity":0,"s:41:28:41:Infinity":3,"s:42:40:42:Infinity":4,"s:43:44:43:Infinity":5,"s:44:46:44:Infinity":6,"s:47:4:60:Infinity":7,"f:47:14:47:20":1,"b:48:8:59:Infinity:undefined:undefined:undefined:undefined":1,"s:48:8:59:Infinity":8,"s:50:12:54:Infinity":9,"b:50:24:50:33:50:33:54:13":2,"s:55:12:55:Infinity":10,"s:56:12:56:Infinity":11,"s:57:12:57:Infinity":12,"s:58:12:58:Infinity":13,"s:62:23:69:Infinity":14,"s:71:21:90:Infinity":15,"f:71:21:71:36":2,"s:72:69:72:Infinity":16,"b:74:8:76:Infinity:undefined:undefined:undefined:undefined":3,"s:74:8:76:Infinity":17,"s:75:12:75:Infinity":18,"b:78:8:80:Infinity:undefined:undefined:undefined:undefined":4,"s:78:8:80:Infinity":19,"s:79:12:79:Infinity":20,"b:82:8:86:Infinity:84:8:86:Infinity":5,"s:82:8:86:Infinity":21,"s:83:12:83:Infinity":22,"b:84:8:86:Infinity:undefined:undefined:undefined:undefined":6,"s:84:8:86:Infinity":23,"s:85:12:85:Infinity":24,"s:88:8:88:Infinity":25,"s:89:8:89:Infinity":26,"s:92:25:99:Infinity":27,"f:92:25:92:26":3,"s:93:8:93:Infinity":28,"b:95:8:98:Infinity:undefined:undefined:undefined:undefined":7,"s:95:8:98:Infinity":29,"s:96:12:96:Infinity":30,"s:97:12:97:Infinity":31,"s:101:24:103:Infinity":32,"f:101:24:101:30":4,"s:102:8:102:Infinity":33,"s:105:25:110:Infinity":34,"f:105:25:105:26":5,"s:106:8:106:Infinity":35,"f:106:20:106:21":6,"s:106:43:106:71":36,"b:107:8:109:Infinity:undefined:undefined:undefined:undefined":8,"s:107:8:109:Infinity":37,"s:108:12:108:Infinity":38,"f:108:22:108:31":7,"s:108:31:108:63":39,"s:112:4:398:Infinity":40,"b:114:13:114:Infinity:115:16:396:Infinity":9,"f:131:37:131:38":8,"s:131:44:131:Infinity":41,"b:140:58:140:76:140:76:140:Infinity":10,"b:143:58:143:95:143:95:143:Infinity":11,"f:172:54:172:55":9,"s:172:61:172:Infinity":42,"b:174:196:174:219:174:219:174:237":12,"b:177:37:177:55:177:55:177:Infinity":13,"f:186:49:186:55":10,"s:186:55:186:Infinity":43,"b:191:48:194:Infinity:196:48:199:Infinity":14,"f:192:69:192:74":11,"s:192:74:192:100":44,"b:202:135:202:166:202:166:202:168":15,"b:206:41:206:Infinity:207:44:245:Infinity":16,"f:216:61:216:67":12,"s:217:56:217:Infinity":45,"s:218:56:218:Infinity":46,"f:226:64:226:65":13,"s:227:52:243:Infinity":47,"f:230:65:230:71":14,"s:231:60:231:Infinity":48,"s:232:60:232:Infinity":49,"b:238:108:238:125:238:125:238:130":17,"b:240:57:240:Infinity:241:60:241:Infinity":18,"f:261:54:261:55":15,"s:261:61:261:Infinity":50,"b:263:197:263:220:263:220:263:238":19,"b:266:37:266:56:266:56:266:Infinity":20,"b:278:65:278:74:278:74:278:Infinity":21,"f:280:54:280:55":16,"s:280:61:280:Infinity":51,"b:282:198:282:221:282:221:282:239":22,"f:286:53:286:59":17,"s:286:59:286:Infinity":52,"b:292:37:292:56:292:56:292:Infinity":23,"f:297:53:297:59":18,"s:297:59:297:Infinity":53,"b:301:118:301:133:301:133:301:135":24,"b:304:45:304:Infinity:305:48:314:Infinity":25,"f:312:87:312:88":19,"s:312:96:312:127":54,"b:331:55:331:84:331:84:331:Infinity":26,"f:332:58:332:59":20,"s:332:65:332:Infinity":55,"b:348:55:348:82:348:82:348:Infinity":27,"f:349:58:349:59":21,"s:349:65:349:Infinity":56,"b:362:57:362:80:362:80:362:Infinity":28,"f:363:58:363:59":22,"s:363:65:363:Infinity":57,"b:390:58:390:104:390:104:390:Infinity":29}}}
,"C:\\Users\\Guru\\Desktop\\Projects\\Software\\Zero-Vault-Overall\\App\\secure_password_demo\\client\\src\\app\\components\\Navigation.tsx": {"path":"C:\\Users\\Guru\\Desktop\\Projects\\Software\\Zero-Vault-Overall\\App\\secure_password_demo\\client\\src\\app\\components\\Navigation.tsx","statementMap":{"0":{"start":{"line":15,"column":32},"end":{"line":15,"column":null}},"1":{"start":{"line":16,"column":22},"end":{"line":16,"column":null}},"2":{"start":{"line":17,"column":22},"end":{"line":17,"column":null}},"3":{"start":{"line":18,"column":31},"end":{"line":18,"column":null}},"4":{"start":{"line":20,"column":21},"end":{"line":26,"column":null}},"5":{"start":{"line":28,"column":28},"end":{"line":31,"column":null}},"6":{"start":{"line":29,"column":8},"end":{"line":29,"column":null}},"7":{"start":{"line":30,"column":8},"end":{"line":30,"column":null}},"8":{"start":{"line":33,"column":4},"end":{"line":70,"column":null}},"9":{"start":{"line":37,"column":20},"end":{"line":47,"column":null}},"10":{"start":{"line":39,"column":39},"end":{"line":39,"column":null}}},"fnMap":{"0":{"name":"Navigation","decl":{"start":{"line":14,"column":24},"end":{"line":14,"column":37}},"loc":{"start":{"line":14,"column":37},"end":{"line":72,"column":null}},"line":14},"1":{"name":"(anonymous_1)","decl":{"start":{"line":28,"column":28},"end":{"line":28,"column":34}},"loc":{"start":{"line":28,"column":34},"end":{"line":31,"column":null}},"line":28},"2":{"name":"(anonymous_2)","decl":{"start":{"line":36,"column":30},"end":{"line":36,"column":31}},"loc":{"start":{"line":37,"column":20},"end":{"line":47,"column":null}},"line":37},"3":{"name":"(anonymous_3)","decl":{"start":{"line":39,"column":33},"end":{"line":39,"column":39}},"loc":{"start":{"line":39,"column":39},"end":{"line":39,"column":null}},"line":39}},"branchMap":{"0":{"loc":{"start":{"line":40,"column":106},"end":{"line":42,"column":null}},"type":"cond-expr","locations":[{"start":{"line":41,"column":30},"end":{"line":41,"column":null}},{"start":{"line":42,"column":30},"end":{"line":42,"column":null}}],"line":40},"1":{"loc":{"start":{"line":56,"column":40},"end":{"line":56,"column":75}},"type":"cond-expr","locations":[{"start":{"line":56,"column":59},"end":{"line":56,"column":69}},{"start":{"line":56,"column":69},"end":{"line":56,"column":75}}],"line":56},"2":{"loc":{"start":{"line":58,"column":21},"end":{"line":58,"column":null}},"type":"cond-expr","locations":[{"start":{"line":58,"column":40},"end":{"line":58,"column":70}},{"start":{"line":58,"column":70},"end":{"line":58,"column":null}}],"line":58}},"s":{"0":1,"1":1,"2":1,"3":1,"4":1,"5":1,"6":0,"7":0,"8":1,"9":5,"10":0},"f":{"0":1,"1":0,"2":5,"3":0},"b":{"0":[1,4],"1":[1,0],"2":[1,0]},"meta":{"lastBranch":3,"lastFunction":4,"lastStatement":11,"seen":{"f:14:24:14:37":0,"s:15:32:15:Infinity":0,"s:16:22:16:Infinity":1,"s:17:22:17:Infinity":2,"s:18:31:18:Infinity":3,"s:20:21:26:Infinity":4,"s:28:28:31:Infinity":5,"f:28:28:28:34":1,"s:29:8:29:Infinity":6,"s:30:8:30:Infinity":7,"s:33:4:70:Infinity":8,"f:36:30:36:31":2,"s:37:20:47:Infinity":9,"f:39:33:39:39":3,"s:39:39:39:Infinity":10,"b:41:30:41:Infinity:42:30:42:Infinity":0,"b:56:59:56:69:56:69:56:75":1,"b:58:40:58:70:58:70:58:Infinity":2}}}
,"C:\\Users\\Guru\\Desktop\\Projects\\Software\\Zero-Vault-Overall\\App\\secure_password_demo\\client\\src\\app\\components\\PasswordGenerator.tsx": {"path":"C:\\Users\\Guru\\Desktop\\Projects\\Software\\Zero-Vault-Overall\\App\\secure_password_demo\\client\\src\\app\\components\\PasswordGenerator.tsx","statementMap":{"0":{"start":{"line":20,"column":28},"end":{"line":20,"column":null}},"1":{"start":{"line":21,"column":48},"end":{"line":21,"column":null}},"2":{"start":{"line":22,"column":48},"end":{"line":22,"column":null}},"3":{"start":{"line":23,"column":44},"end":{"line":23,"column":null}},"4":{"start":{"line":24,"column":44},"end":{"line":24,"column":null}},"5":{"start":{"line":25,"column":50},"end":{"line":25,"column":null}},"6":{"start":{"line":26,"column":28},"end":{"line":26,"column":null}},"7":{"start":{"line":28,"column":29},"end":{"line":52,"column":null}},"8":{"start":{"line":29,"column":22},"end":{"line":29,"column":null}},"9":{"start":{"line":30,"column":8},"end":{"line":30,"column":null}},"10":{"start":{"line":30,"column":30},"end":{"line":30,"column":null}},"11":{"start":{"line":31,"column":8},"end":{"line":31,"column":null}},"12":{"start":{"line":31,"column":30},"end":{"line":31,"column":null}},"13":{"start":{"line":32,"column":8},"end":{"line":32,"column":null}},"14":{"start":{"line":32,"column":28},"end":{"line":32,"column":null}},"15":{"start":{"line":33,"column":8},"end":{"line":33,"column":null}},"16":{"start":{"line":33,"column":28},"end":{"line":33,"column":null}},"17":{"start":{"line":35,"column":8},"end":{"line":37,"column":null}},"18":{"start":{"line":36,"column":12},"end":{"line":36,"column":null}},"19":{"start":{"line":39,"column":23},"end":{"line":39,"column":null}},"20":{"start":{"line":40,"column":22},"end":{"line":40,"column":null}},"21":{"start":{"line":41,"column":8},"end":{"line":41,"column":null}},"22":{"start":{"line":43,"column":8},"end":{"line":45,"column":null}},"23":{"start":{"line":43,"column":21},"end":{"line":43,"column":24}},"24":{"start":{"line":44,"column":12},"end":{"line":44,"column":null}},"25":{"start":{"line":47,"column":8},"end":{"line":47,"column":null}},"26":{"start":{"line":48,"column":8},"end":{"line":50,"column":null}},"27":{"start":{"line":49,"column":12},"end":{"line":49,"column":null}},"28":{"start":{"line":51,"column":8},"end":{"line":51,"column":null}},"29":{"start":{"line":54,"column":23},"end":{"line":60,"column":null}},"30":{"start":{"line":55,"column":8},"end":{"line":59,"column":null}},"31":{"start":{"line":56,"column":12},"end":{"line":56,"column":null}},"32":{"start":{"line":57,"column":12},"end":{"line":57,"column":null}},"33":{"start":{"line":58,"column":12},"end":{"line":58,"column":null}},"34":{"start":{"line":58,"column":29},"end":{"line":58,"column":47}},"35":{"start":{"line":62,"column":4},"end":{"line":152,"column":null}},"36":{"start":{"line":92,"column":37},"end":{"line":92,"column":null}},"37":{"start":{"line":107,"column":41},"end":{"line":107,"column":null}},"38":{"start":{"line":117,"column":41},"end":{"line":117,"column":null}},"39":{"start":{"line":127,"column":41},"end":{"line":127,"column":null}},"40":{"start":{"line":137,"column":41},"end":{"line":137,"column":null}}},"fnMap":{"0":{"name":"PasswordGenerator","decl":{"start":{"line":19,"column":24},"end":{"line":19,"column":42}},"loc":{"start":{"line":19,"column":82},"end":{"line":154,"column":null}},"line":19},"1":{"name":"(anonymous_1)","decl":{"start":{"line":28,"column":29},"end":{"line":28,"column":35}},"loc":{"start":{"line":28,"column":35},"end":{"line":52,"column":null}},"line":28},"2":{"name":"(anonymous_2)","decl":{"start":{"line":54,"column":23},"end":{"line":54,"column":29}},"loc":{"start":{"line":54,"column":29},"end":{"line":60,"column":null}},"line":54},"3":{"name":"(anonymous_3)","decl":{"start":{"line":58,"column":23},"end":{"line":58,"column":29}},"loc":{"start":{"line":58,"column":29},"end":{"line":58,"column":47}},"line":58},"4":{"name":"(anonymous_4)","decl":{"start":{"line":92,"column":30},"end":{"line":92,"column":31}},"loc":{"start":{"line":92,"column":37},"end":{"line":92,"column":null}},"line":92},"5":{"name":"(anonymous_5)","decl":{"start":{"line":107,"column":34},"end":{"line":107,"column":35}},"loc":{"start":{"line":107,"column":41},"end":{"line":107,"column":null}},"line":107},"6":{"name":"(anonymous_6)","decl":{"start":{"line":117,"column":34},"end":{"line":117,"column":35}},"loc":{"start":{"line":117,"column":41},"end":{"line":117,"column":null}},"line":117},"7":{"name":"(anonymous_7)","decl":{"start":{"line":127,"column":34},"end":{"line":127,"column":35}},"loc":{"start":{"line":127,"column":41},"end":{"line":127,"column":null}},"line":127},"8":{"name":"(anonymous_8)","decl":{"start":{"line":137,"column":34},"end":{"line":137,"column":35}},"loc":{"start":{"line":137,"column":41},"end":{"line":137,"column":null}},"line":137}},"branchMap":{"0":{"loc":{"start":{"line":30,"column":8},"end":{"line":30,"column":null}},"type":"if","locations":[{"start":{"line":30,"column":8},"end":{"line":30,"column":null}},{"start":{},"end":{}}],"line":30},"1":{"loc":{"start":{"line":31,"column":8},"end":{"line":31,"column":null}},"type":"if","locations":[{"start":{"line":31,"column":8},"end":{"line":31,"column":null}},{"start":{},"end":{}}],"line":31},"2":{"loc":{"start":{"line":32,"column":8},"end":{"line":32,"column":null}},"type":"if","locations":[{"start":{"line":32,"column":8},"end":{"line":32,"column":null}},{"start":{},"end":{}}],"line":32},"3":{"loc":{"start":{"line":33,"column":8},"end":{"line":33,"column":null}},"type":"if","locations":[{"start":{"line":33,"column":8},"end":{"line":33,"column":null}},{"start":{},"end":{}}],"line":33},"4":{"loc":{"start":{"line":35,"column":8},"end":{"line":37,"column":null}},"type":"if","locations":[{"start":{"line":35,"column":8},"end":{"line":37,"column":null}},{"start":{},"end":{}}],"line":35},"5":{"loc":{"start":{"line":48,"column":8},"end":{"line":50,"column":null}},"type":"if","locations":[{"start":{"line":48,"column":8},"end":{"line":50,"column":null}},{"start":{},"end":{}}],"line":48},"6":{"loc":{"start":{"line":55,"column":8},"end":{"line":59,"column":null}},"type":"if","locations":[{"start":{"line":55,"column":8},"end":{"line":59,"column":null}},{"start":{},"end":{}}],"line":55},"7":{"loc":{"start":{"line":65,"column":13},"end":{"line":78,"column":null}},"type":"binary-expr","locations":[{"start":{"line":65,"column":13},"end":{"line":65,"column":null}},{"start":{"line":66,"column":16},"end":{"line":78,"column":null}}],"line":65},"8":{"loc":{"start":{"line":75,"column":29},"end":{"line":75,"column":null}},"type":"cond-expr","locations":[{"start":{"line":75,"column":38},"end":{"line":75,"column":83}},{"start":{"line":75,"column":83},"end":{"line":75,"column":null}}],"line":75}},"s":{"0":10,"1":10,"2":10,"3":10,"4":10,"5":10,"6":10,"7":10,"8":2,"9":2,"10":2,"11":2,"12":2,"13":2,"14":2,"15":2,"16":2,"17":2,"18":0,"19":2,"20":2,"21":2,"22":2,"23":2,"24":32,"25":2,"26":2,"27":2,"28":2,"29":10,"30":1,"31":1,"32":1,"33":1,"34":0,"35":10,"36":1,"37":1,"38":0,"39":0,"40":0},"f":{"0":10,"1":2,"2":1,"3":0,"4":1,"5":1,"6":0,"7":0,"8":0},"b":{"0":[2,0],"1":[2,0],"2":[2,0],"3":[2,0],"4":[0,2],"5":[2,0],"6":[1,0],"7":[10,3],"8":[1,2]},"meta":{"lastBranch":9,"lastFunction":9,"lastStatement":41,"seen":{"f:19:24:19:42":0,"s:20:28:20:Infinity":0,"s:21:48:21:Infinity":1,"s:22:48:22:Infinity":2,"s:23:44:23:Infinity":3,"s:24:44:24:Infinity":4,"s:25:50:25:Infinity":5,"s:26:28:26:Infinity":6,"s:28:29:52:Infinity":7,"f:28:29:28:35":1,"s:29:22:29:Infinity":8,"b:30:8:30:Infinity:undefined:undefined:undefined:undefined":0,"s:30:8:30:Infinity":9,"s:30:30:30:Infinity":10,"b:31:8:31:Infinity:undefined:undefined:undefined:undefined":1,"s:31:8:31:Infinity":11,"s:31:30:31:Infinity":12,"b:32:8:32:Infinity:undefined:undefined:undefined:undefined":2,"s:32:8:32:Infinity":13,"s:32:28:32:Infinity":14,"b:33:8:33:Infinity:undefined:undefined:undefined:undefined":3,"s:33:8:33:Infinity":15,"s:33:28:33:Infinity":16,"b:35:8:37:Infinity:undefined:undefined:undefined:undefined":4,"s:35:8:37:Infinity":17,"s:36:12:36:Infinity":18,"s:39:23:39:Infinity":19,"s:40:22:40:Infinity":20,"s:41:8:41:Infinity":21,"s:43:8:45:Infinity":22,"s:43:21:43:24":23,"s:44:12:44:Infinity":24,"s:47:8:47:Infinity":25,"b:48:8:50:Infinity:undefined:undefined:undefined:undefined":5,"s:48:8:50:Infinity":26,"s:49:12:49:Infinity":27,"s:51:8:51:Infinity":28,"s:54:23:60:Infinity":29,"f:54:23:54:29":2,"b:55:8:59:Infinity:undefined:undefined:undefined:undefined":6,"s:55:8:59:Infinity":30,"s:56:12:56:Infinity":31,"s:57:12:57:Infinity":32,"s:58:12:58:Infinity":33,"f:58:23:58:29":3,"s:58:29:58:47":34,"s:62:4:152:Infinity":35,"b:65:13:65:Infinity:66:16:78:Infinity":7,"b:75:38:75:83:75:83:75:Infinity":8,"f:92:30:92:31":4,"s:92:37:92:Infinity":36,"f:107:34:107:35":5,"s:107:41:107:Infinity":37,"f:117:34:117:35":6,"s:117:41:117:Infinity":38,"f:127:34:127:35":7,"s:127:41:127:Infinity":39,"f:137:34:137:35":8,"s:137:41:137:Infinity":40}}}
,"C:\\Users\\Guru\\Desktop\\Projects\\Software\\Zero-Vault-Overall\\App\\secure_password_demo\\client\\src\\app\\components\\ProfileModal.tsx": {"path":"C:\\Users\\Guru\\Desktop\\Projects\\Software\\Zero-Vault-Overall\\App\\secure_password_demo\\client\\src\\app\\components\\ProfileModal.tsx","statementMap":{"0":{"start":{"line":32,"column":22},"end":{"line":32,"column":null}},"1":{"start":{"line":33,"column":17},"end":{"line":33,"column":null}},"2":{"start":{"line":34,"column":20},"end":{"line":34,"column":null}},"3":{"start":{"line":35,"column":10},"end":{"line":35,"column":null}},"4":{"start":{"line":36,"column":10},"end":{"line":36,"column":null}},"5":{"start":{"line":39,"column":10},"end":{"line":47,"column":null}},"6":{"start":{"line":40,"column":8},"end":{"line":40,"column":null}},"7":{"start":{"line":40,"column":46},"end":{"line":40,"column":null}},"8":{"start":{"line":41,"column":27},"end":{"line":44,"column":null}},"9":{"start":{"line":42,"column":26},"end":{"line":42,"column":null}},"10":{"start":{"line":43,"column":12},"end":{"line":43,"column":null}},"11":{"start":{"line":45,"column":33},"end":{"line":45,"column":null}},"12":{"start":{"line":46,"column":8},"end":{"line":46,"column":null}},"13":{"start":{"line":49,"column":30},"end":{"line":63,"column":null}},"14":{"start":{"line":66,"column":4},"end":{"line":77,"column":null}},"15":{"start":{"line":67,"column":8},"end":{"line":76,"column":null}},"16":{"start":{"line":68,"column":12},"end":{"line":75,"column":null}},"17":{"start":{"line":68,"column":32},"end":{"line":75,"column":14}},"18":{"start":{"line":79,"column":4},"end":{"line":84,"column":null}},"19":{"start":{"line":80,"column":22},"end":{"line":80,"column":null}},"20":{"start":{"line":81,"column":8},"end":{"line":83,"column":null}},"21":{"start":{"line":82,"column":12},"end":{"line":82,"column":null}},"22":{"start":{"line":86,"column":23},"end":{"line":90,"column":null}},"23":{"start":{"line":87,"column":8},"end":{"line":87,"column":null}},"24":{"start":{"line":88,"column":8},"end":{"line":88,"column":null}},"25":{"start":{"line":89,"column":8},"end":{"line":89,"column":null}},"26":{"start":{"line":92,"column":29},"end":{"line":101,"column":null}},"27":{"start":{"line":93,"column":21},"end":{"line":93,"column":null}},"28":{"start":{"line":94,"column":8},"end":{"line":100,"column":null}},"29":{"start":{"line":95,"column":27},"end":{"line":95,"column":null}},"30":{"start":{"line":96,"column":12},"end":{"line":98,"column":null}},"31":{"start":{"line":97,"column":16},"end":{"line":97,"column":null}},"32":{"start":{"line":97,"column":36},"end":{"line":97,"column":82}},"33":{"start":{"line":99,"column":12},"end":{"line":99,"column":null}},"34":{"start":{"line":103,"column":4},"end":{"line":303,"column":null}},"35":{"start":{"line":137,"column":51},"end":{"line":137,"column":84}},"36":{"start":{"line":140,"column":85},"end":{"line":140,"column":119}},"37":{"start":{"line":146,"column":99},"end":{"line":146,"column":null}},"38":{"start":{"line":161,"column":91},"end":{"line":161,"column":125}},"39":{"start":{"line":213,"column":61},"end":{"line":213,"column":null}},"40":{"start":{"line":213,"column":81},"end":{"line":213,"column":120}},"41":{"start":{"line":219,"column":61},"end":{"line":219,"column":null}},"42":{"start":{"line":219,"column":81},"end":{"line":219,"column":119}},"43":{"start":{"line":234,"column":65},"end":{"line":234,"column":null}},"44":{"start":{"line":234,"column":85},"end":{"line":234,"column":120}},"45":{"start":{"line":255,"column":61},"end":{"line":255,"column":null}},"46":{"start":{"line":255,"column":81},"end":{"line":255,"column":118}},"47":{"start":{"line":273,"column":65},"end":{"line":273,"column":null}},"48":{"start":{"line":273,"column":85},"end":{"line":273,"column":123}}},"fnMap":{"0":{"name":"ProfileModal","decl":{"start":{"line":31,"column":24},"end":{"line":31,"column":37}},"loc":{"start":{"line":31,"column":77},"end":{"line":305,"column":null}},"line":31},"1":{"name":"(anonymous_1)","decl":{"start":{"line":39,"column":32},"end":{"line":39,"column":38}},"loc":{"start":{"line":39,"column":38},"end":{"line":47,"column":7}},"line":39},"2":{"name":"(anonymous_2)","decl":{"start":{"line":41,"column":42},"end":{"line":41,"column":43}},"loc":{"start":{"line":41,"column":58},"end":{"line":44,"column":11}},"line":41},"3":{"name":"(anonymous_3)","decl":{"start":{"line":66,"column":14},"end":{"line":66,"column":20}},"loc":{"start":{"line":66,"column":20},"end":{"line":77,"column":7}},"line":66},"4":{"name":"(anonymous_4)","decl":{"start":{"line":68,"column":23},"end":{"line":68,"column":32}},"loc":{"start":{"line":68,"column":32},"end":{"line":75,"column":14}},"line":68},"5":{"name":"(anonymous_5)","decl":{"start":{"line":79,"column":14},"end":{"line":79,"column":20}},"loc":{"start":{"line":79,"column":20},"end":{"line":84,"column":7}},"line":79},"6":{"name":"(anonymous_6)","decl":{"start":{"line":86,"column":23},"end":{"line":86,"column":29}},"loc":{"start":{"line":86,"column":29},"end":{"line":90,"column":null}},"line":86},"7":{"name":"(anonymous_7)","decl":{"start":{"line":92,"column":29},"end":{"line":92,"column":30}},"loc":{"start":{"line":92,"column":107},"end":{"line":101,"column":null}},"line":92},"8":{"name":"(anonymous_8)","decl":{"start":{"line":96,"column":31},"end":{"line":96,"column":37}},"loc":{"start":{"line":96,"column":37},"end":{"line":98,"column":null}},"line":96},"9":{"name":"(anonymous_9)","decl":{"start":{"line":97,"column":27},"end":{"line":97,"column":36}},"loc":{"start":{"line":97,"column":36},"end":{"line":97,"column":82}},"line":97},"10":{"name":"(anonymous_10)","decl":{"start":{"line":137,"column":45},"end":{"line":137,"column":51}},"loc":{"start":{"line":137,"column":51},"end":{"line":137,"column":84}},"line":137},"11":{"name":"(anonymous_11)","decl":{"start":{"line":140,"column":78},"end":{"line":140,"column":79}},"loc":{"start":{"line":140,"column":85},"end":{"line":140,"column":119}},"line":140},"12":{"name":"(anonymous_12)","decl":{"start":{"line":146,"column":93},"end":{"line":146,"column":99}},"loc":{"start":{"line":146,"column":99},"end":{"line":146,"column":null}},"line":146},"13":{"name":"(anonymous_13)","decl":{"start":{"line":161,"column":84},"end":{"line":161,"column":85}},"loc":{"start":{"line":161,"column":91},"end":{"line":161,"column":125}},"line":161},"14":{"name":"(anonymous_14)","decl":{"start":{"line":213,"column":54},"end":{"line":213,"column":55}},"loc":{"start":{"line":213,"column":61},"end":{"line":213,"column":null}},"line":213},"15":{"name":"(anonymous_15)","decl":{"start":{"line":213,"column":72},"end":{"line":213,"column":81}},"loc":{"start":{"line":213,"column":81},"end":{"line":213,"column":120}},"line":213},"16":{"name":"(anonymous_16)","decl":{"start":{"line":219,"column":54},"end":{"line":219,"column":55}},"loc":{"start":{"line":219,"column":61},"end":{"line":219,"column":null}},"line":219},"17":{"name":"(anonymous_17)","decl":{"start":{"line":219,"column":72},"end":{"line":219,"column":81}},"loc":{"start":{"line":219,"column":81},"end":{"line":219,"column":119}},"line":219},"18":{"name":"(anonymous_18)","decl":{"start":{"line":234,"column":58},"end":{"line":234,"column":59}},"loc":{"start":{"line":234,"column":65},"end":{"line":234,"column":null}},"line":234},"19":{"name":"(anonymous_19)","decl":{"start":{"line":234,"column":76},"end":{"line":234,"column":85}},"loc":{"start":{"line":234,"column":85},"end":{"line":234,"column":120}},"line":234},"20":{"name":"(anonymous_20)","decl":{"start":{"line":255,"column":54},"end":{"line":255,"column":55}},"loc":{"start":{"line":255,"column":61},"end":{"line":255,"column":null}},"line":255},"21":{"name":"(anonymous_21)","decl":{"start":{"line":255,"column":72},"end":{"line":255,"column":81}},"loc":{"start":{"line":255,"column":81},"end":{"line":255,"column":118}},"line":255},"22":{"name":"(anonymous_22)","decl":{"start":{"line":273,"column":58},"end":{"line":273,"column":59}},"loc":{"start":{"line":273,"column":65},"end":{"line":273,"column":null}},"line":273},"23":{"name":"(anonymous_23)","decl":{"start":{"line":273,"column":76},"end":{"line":273,"column":85}},"loc":{"start":{"line":273,"column":85},"end":{"line":273,"column":123}},"line":273}},"branchMap":{"0":{"loc":{"start":{"line":40,"column":8},"end":{"line":40,"column":null}},"type":"if","locations":[{"start":{"line":40,"column":8},"end":{"line":40,"column":null}},{"start":{},"end":{}}],"line":40},"1":{"loc":{"start":{"line":40,"column":12},"end":{"line":40,"column":46}},"type":"binary-expr","locations":[{"start":{"line":40,"column":12},"end":{"line":40,"column":24}},{"start":{"line":40,"column":24},"end":{"line":40,"column":46}}],"line":40},"2":{"loc":{"start":{"line":42,"column":56},"end":{"line":42,"column":76}},"type":"binary-expr","locations":[{"start":{"line":42,"column":56},"end":{"line":42,"column":74}},{"start":{"line":42,"column":74},"end":{"line":42,"column":76}}],"line":42},"3":{"loc":{"start":{"line":50,"column":19},"end":{"line":50,"column":null}},"type":"binary-expr","locations":[{"start":{"line":50,"column":19},"end":{"line":50,"column":55}},{"start":{"line":50,"column":55},"end":{"line":50,"column":null}}],"line":50},"4":{"loc":{"start":{"line":51,"column":18},"end":{"line":51,"column":null}},"type":"binary-expr","locations":[{"start":{"line":51,"column":18},"end":{"line":51,"column":70}},{"start":{"line":51,"column":70},"end":{"line":51,"column":null}}],"line":51},"5":{"loc":{"start":{"line":52,"column":15},"end":{"line":52,"column":null}},"type":"binary-expr","locations":[{"start":{"line":52,"column":15},"end":{"line":52,"column":30}},{"start":{"line":52,"column":30},"end":{"line":52,"column":null}}],"line":52},"6":{"loc":{"start":{"line":54,"column":18},"end":{"line":54,"column":null}},"type":"binary-expr","locations":[{"start":{"line":54,"column":18},"end":{"line":54,"column":48}},{"start":{"line":54,"column":48},"end":{"line":54,"column":null}}],"line":54},"7":{"loc":{"start":{"line":59,"column":21},"end":{"line":59,"column":null}},"type":"cond-expr","locations":[{"start":{"line":59,"column":39},"end":{"line":59,"column":147}},{"start":{"line":59,"column":147},"end":{"line":59,"column":null}}],"line":59},"8":{"loc":{"start":{"line":60,"column":19},"end":{"line":60,"column":null}},"type":"cond-expr","locations":[{"start":{"line":60,"column":39},"end":{"line":60,"column":182}},{"start":{"line":60,"column":182},"end":{"line":60,"column":null}}],"line":60},"9":{"loc":{"start":{"line":61,"column":21},"end":{"line":61,"column":null}},"type":"binary-expr","locations":[{"start":{"line":61,"column":21},"end":{"line":61,"column":41}},{"start":{"line":61,"column":41},"end":{"line":61,"column":null}}],"line":61},"10":{"loc":{"start":{"line":67,"column":8},"end":{"line":76,"column":null}},"type":"if","locations":[{"start":{"line":67,"column":8},"end":{"line":76,"column":null}},{"start":{},"end":{}}],"line":67},"11":{"loc":{"start":{"line":71,"column":29},"end":{"line":71,"column":null}},"type":"cond-expr","locations":[{"start":{"line":71,"column":46},"end":{"line":71,"column":154}},{"start":{"line":71,"column":154},"end":{"line":71,"column":null}}],"line":71},"12":{"loc":{"start":{"line":72,"column":27},"end":{"line":72,"column":null}},"type":"cond-expr","locations":[{"start":{"line":72,"column":46},"end":{"line":72,"column":171}},{"start":{"line":72,"column":171},"end":{"line":72,"column":null}}],"line":72},"13":{"loc":{"start":{"line":73,"column":29},"end":{"line":73,"column":null}},"type":"binary-expr","locations":[{"start":{"line":73,"column":29},"end":{"line":73,"column":48}},{"start":{"line":73,"column":48},"end":{"line":73,"column":null}}],"line":73},"14":{"loc":{"start":{"line":81,"column":8},"end":{"line":83,"column":null}},"type":"if","locations":[{"start":{"line":81,"column":8},"end":{"line":83,"column":null}},{"start":{},"end":{}}],"line":81},"15":{"loc":{"start":{"line":94,"column":8},"end":{"line":100,"column":null}},"type":"if","locations":[{"start":{"line":94,"column":8},"end":{"line":100,"column":null}},{"start":{},"end":{}}],"line":94},"16":{"loc":{"start":{"line":105,"column":13},"end":{"line":301,"column":null}},"type":"binary-expr","locations":[{"start":{"line":105,"column":13},"end":{"line":105,"column":null}},{"start":{"line":106,"column":16},"end":{"line":301,"column":null}}],"line":105},"17":{"loc":{"start":{"line":123,"column":29},"end":{"line":126,"column":null}},"type":"cond-expr","locations":[{"start":{"line":124,"column":32},"end":{"line":124,"column":null}},{"start":{"line":126,"column":32},"end":{"line":126,"column":null}}],"line":123},"18":{"loc":{"start":{"line":148,"column":41},"end":{"line":151,"column":null}},"type":"cond-expr","locations":[{"start":{"line":149,"column":44},"end":{"line":149,"column":null}},{"start":{"line":151,"column":44},"end":{"line":151,"column":null}}],"line":148},"19":{"loc":{"start":{"line":238,"column":41},"end":{"line":242,"column":null}},"type":"binary-expr","locations":[{"start":{"line":238,"column":41},"end":{"line":238,"column":68}},{"start":{"line":238,"column":68},"end":{"line":238,"column":null}},{"start":{"line":239,"column":44},"end":{"line":242,"column":null}}],"line":238}},"s":{"0":9,"1":9,"2":9,"3":9,"4":9,"5":9,"6":4,"7":0,"8":4,"9":8,"10":8,"11":4,"12":4,"13":9,"14":9,"15":4,"16":4,"17":4,"18":9,"19":4,"20":4,"21":1,"22":9,"23":1,"24":1,"25":1,"26":9,"27":0,"28":0,"29":0,"30":0,"31":0,"32":0,"33":0,"34":9,"35":0,"36":0,"37":0,"38":0,"39":1,"40":1,"41":0,"42":0,"43":0,"44":0,"45":0,"46":0,"47":0,"48":0},"f":{"0":9,"1":4,"2":8,"3":4,"4":4,"5":4,"6":1,"7":0,"8":0,"9":0,"10":0,"11":0,"12":0,"13":0,"14":1,"15":1,"16":0,"17":0,"18":0,"19":0,"20":0,"21":0,"22":0,"23":0},"b":{"0":[0,4],"1":[4,4],"2":[8,0],"3":[9,0],"4":[9,0],"5":[9,0],"6":[9,0],"7":[9,0],"8":[9,0],"9":[9,0],"10":[4,0],"11":[4,0],"12":[4,0],"13":[4,0],"14":[1,3],"15":[0,0],"16":[9,9],"17":[8,1],"18":[8,1],"19":[9,9,9]},"meta":{"lastBranch":20,"lastFunction":24,"lastStatement":49,"seen":{"f:31:24:31:37":0,"s:32:22:32:Infinity":0,"s:33:17:33:Infinity":1,"s:34:20:34:Infinity":2,"s:35:10:35:Infinity":3,"s:36:10:36:Infinity":4,"s:39:10:47:Infinity":5,"f:39:32:39:38":1,"b:40:8:40:Infinity:undefined:undefined:undefined:undefined":0,"s:40:8:40:Infinity":6,"b:40:12:40:24:40:24:40:46":1,"s:40:46:40:Infinity":7,"s:41:27:44:Infinity":8,"f:41:42:41:43":2,"s:42:26:42:Infinity":9,"b:42:56:42:74:42:74:42:76":2,"s:43:12:43:Infinity":10,"s:45:33:45:Infinity":11,"s:46:8:46:Infinity":12,"s:49:30:63:Infinity":13,"b:50:19:50:55:50:55:50:Infinity":3,"b:51:18:51:70:51:70:51:Infinity":4,"b:52:15:52:30:52:30:52:Infinity":5,"b:54:18:54:48:54:48:54:Infinity":6,"b:59:39:59:147:59:147:59:Infinity":7,"b:60:39:60:182:60:182:60:Infinity":8,"b:61:21:61:41:61:41:61:Infinity":9,"s:66:4:77:Infinity":14,"f:66:14:66:20":3,"b:67:8:76:Infinity:undefined:undefined:undefined:undefined":10,"s:67:8:76:Infinity":15,"s:68:12:75:Infinity":16,"f:68:23:68:32":4,"s:68:32:75:14":17,"b:71:46:71:154:71:154:71:Infinity":11,"b:72:46:72:171:72:171:72:Infinity":12,"b:73:29:73:48:73:48:73:Infinity":13,"s:79:4:84:Infinity":18,"f:79:14:79:20":5,"s:80:22:80:Infinity":19,"b:81:8:83:Infinity:undefined:undefined:undefined:undefined":14,"s:81:8:83:Infinity":20,"s:82:12:82:Infinity":21,"s:86:23:90:Infinity":22,"f:86:23:86:29":6,"s:87:8:87:Infinity":23,"s:88:8:88:Infinity":24,"s:89:8:89:Infinity":25,"s:92:29:101:Infinity":26,"f:92:29:92:30":7,"s:93:21:93:Infinity":27,"b:94:8:100:Infinity:undefined:undefined:undefined:undefined":15,"s:94:8:100:Infinity":28,"s:95:27:95:Infinity":29,"s:96:12:98:Infinity":30,"f:96:31:96:37":8,"s:97:16:97:Infinity":31,"f:97:27:97:36":9,"s:97:36:97:82":32,"s:99:12:99:Infinity":33,"s:103:4:303:Infinity":34,"b:105:13:105:Infinity:106:16:301:Infinity":16,"b:124:32:124:Infinity:126:32:126:Infinity":17,"f:137:45:137:51":10,"s:137:51:137:84":35,"f:140:78:140:79":11,"s:140:85:140:119":36,"f:146:93:146:99":12,"s:146:99:146:Infinity":37,"b:149:44:149:Infinity:151:44:151:Infinity":18,"f:161:84:161:85":13,"s:161:91:161:125":38,"f:213:54:213:55":14,"s:213:61:213:Infinity":39,"f:213:72:213:81":15,"s:213:81:213:120":40,"f:219:54:219:55":16,"s:219:61:219:Infinity":41,"f:219:72:219:81":17,"s:219:81:219:119":42,"f:234:58:234:59":18,"s:234:65:234:Infinity":43,"f:234:76:234:85":19,"s:234:85:234:120":44,"b:238:41:238:68:238:68:238:Infinity:239:44:242:Infinity":19,"f:255:54:255:55":20,"s:255:61:255:Infinity":45,"f:255:72:255:81":21,"s:255:81:255:118":46,"f:273:58:273:59":22,"s:273:65:273:Infinity":47,"f:273:76:273:85":23,"s:273:85:273:123":48}}}
,"C:\\Users\\Guru\\Desktop\\Projects\\Software\\Zero-Vault-Overall\\App\\secure_password_demo\\client\\src\\app\\components\\ui\\animated-state-icons.tsx": {"path":"C:\\Users\\Guru\\Desktop\\Projects\\Software\\Zero-Vault-Overall\\App\\secure_password_demo\\client\\src\\app\\components\\ui\\animated-state-icons.tsx","statementMap":{"0":{"start":{"line":10,"column":11},"end":{"line":10,"column":null}},"1":{"start":{"line":10,"column":51},"end":{"line":10,"column":null}},"2":{"start":{"line":15,"column":4},"end":{"line":38,"column":null}},"3":{"start":{"line":45,"column":4},"end":{"line":58,"column":null}},"4":{"start":{"line":65,"column":4},"end":{"line":90,"column":null}},"5":{"start":{"line":97,"column":4},"end":{"line":110,"column":null}},"6":{"start":{"line":118,"column":4},"end":{"line":133,"column":null}}},"fnMap":{"0":{"name":"(anonymous_0)","decl":{"start":{"line":10,"column":11},"end":{"line":10,"column":15}},"loc":{"start":{"line":10,"column":51},"end":{"line":10,"column":null}},"line":10},"1":{"name":"SuccessIcon","decl":{"start":{"line":14,"column":16},"end":{"line":14,"column":28}},"loc":{"start":{"line":14,"column":133},"end":{"line":40,"column":null}},"line":14},"2":{"name":"LockUnlockIcon","decl":{"start":{"line":44,"column":16},"end":{"line":44,"column":31}},"loc":{"start":{"line":44,"column":144},"end":{"line":60,"column":null}},"line":44},"3":{"name":"CopiedIcon","decl":{"start":{"line":64,"column":16},"end":{"line":64,"column":27}},"loc":{"start":{"line":64,"column":136},"end":{"line":92,"column":null}},"line":64},"4":{"name":"NotificationIcon","decl":{"start":{"line":96,"column":16},"end":{"line":96,"column":33}},"loc":{"start":{"line":96,"column":142},"end":{"line":112,"column":null}},"line":96},"5":{"name":"EyeToggleIcon","decl":{"start":{"line":117,"column":16},"end":{"line":117,"column":30}},"loc":{"start":{"line":117,"column":139},"end":{"line":135,"column":null}},"line":117}},"branchMap":{"0":{"loc":{"start":{"line":14,"column":30},"end":{"line":14,"column":41}},"type":"default-arg","locations":[{"start":{"line":14,"column":37},"end":{"line":14,"column":41}}],"line":14},"1":{"loc":{"start":{"line":14,"column":41},"end":{"line":14,"column":65}},"type":"default-arg","locations":[{"start":{"line":14,"column":49},"end":{"line":14,"column":65}}],"line":14},"2":{"loc":{"start":{"line":14,"column":76},"end":{"line":14,"column":91}},"type":"default-arg","locations":[{"start":{"line":14,"column":85},"end":{"line":14,"column":91}}],"line":14},"3":{"loc":{"start":{"line":18,"column":25},"end":{"line":20,"column":null}},"type":"cond-expr","locations":[{"start":{"line":19,"column":22},"end":{"line":19,"column":null}},{"start":{"line":20,"column":22},"end":{"line":20,"column":null}}],"line":18},"4":{"loc":{"start":{"line":23,"column":13},"end":{"line":29,"column":null}},"type":"binary-expr","locations":[{"start":{"line":23,"column":13},"end":{"line":23,"column":null}},{"start":{"line":24,"column":16},"end":{"line":29,"column":null}}],"line":23},"5":{"loc":{"start":{"line":33,"column":25},"end":{"line":35,"column":null}},"type":"cond-expr","locations":[{"start":{"line":34,"column":22},"end":{"line":34,"column":null}},{"start":{"line":35,"column":22},"end":{"line":35,"column":null}}],"line":33},"6":{"loc":{"start":{"line":36,"column":52},"end":{"line":36,"column":69}},"type":"cond-expr","locations":[{"start":{"line":36,"column":61},"end":{"line":36,"column":67}},{"start":{"line":36,"column":67},"end":{"line":36,"column":69}}],"line":36},"7":{"loc":{"start":{"line":44,"column":33},"end":{"line":44,"column":44}},"type":"default-arg","locations":[{"start":{"line":44,"column":40},"end":{"line":44,"column":44}}],"line":44},"8":{"loc":{"start":{"line":44,"column":44},"end":{"line":44,"column":68}},"type":"default-arg","locations":[{"start":{"line":44,"column":52},"end":{"line":44,"column":68}}],"line":44},"9":{"loc":{"start":{"line":44,"column":79},"end":{"line":44,"column":98}},"type":"default-arg","locations":[{"start":{"line":44,"column":92},"end":{"line":44,"column":98}}],"line":44},"10":{"loc":{"start":{"line":49,"column":25},"end":{"line":51,"column":null}},"type":"cond-expr","locations":[{"start":{"line":50,"column":22},"end":{"line":50,"column":null}},{"start":{"line":51,"column":22},"end":{"line":51,"column":null}}],"line":49},"11":{"loc":{"start":{"line":55,"column":25},"end":{"line":55,"column":null}},"type":"cond-expr","locations":[{"start":{"line":55,"column":38},"end":{"line":55,"column":69}},{"start":{"line":55,"column":69},"end":{"line":55,"column":null}}],"line":55},"12":{"loc":{"start":{"line":64,"column":29},"end":{"line":64,"column":40}},"type":"default-arg","locations":[{"start":{"line":64,"column":36},"end":{"line":64,"column":40}}],"line":64},"13":{"loc":{"start":{"line":64,"column":40},"end":{"line":64,"column":64}},"type":"default-arg","locations":[{"start":{"line":64,"column":48},"end":{"line":64,"column":64}}],"line":64},"14":{"loc":{"start":{"line":64,"column":75},"end":{"line":64,"column":92}},"type":"default-arg","locations":[{"start":{"line":64,"column":86},"end":{"line":64,"column":92}}],"line":64},"15":{"loc":{"start":{"line":70,"column":17},"end":{"line":87,"column":null}},"type":"cond-expr","locations":[{"start":{"line":71,"column":20},"end":{"line":77,"column":null}},{"start":{"line":79,"column":20},"end":{"line":87,"column":null}}],"line":70},"16":{"loc":{"start":{"line":96,"column":35},"end":{"line":96,"column":46}},"type":"default-arg","locations":[{"start":{"line":96,"column":42},"end":{"line":96,"column":46}}],"line":96},"17":{"loc":{"start":{"line":96,"column":46},"end":{"line":96,"column":70}},"type":"default-arg","locations":[{"start":{"line":96,"column":54},"end":{"line":96,"column":70}}],"line":96},"18":{"loc":{"start":{"line":96,"column":81},"end":{"line":96,"column":98}},"type":"default-arg","locations":[{"start":{"line":96,"column":92},"end":{"line":96,"column":98}}],"line":96},"19":{"loc":{"start":{"line":99,"column":21},"end":{"line":99,"column":null}},"type":"cond-expr","locations":[{"start":{"line":99,"column":32},"end":{"line":99,"column":70}},{"start":{"line":99,"column":70},"end":{"line":99,"column":null}}],"line":99},"20":{"loc":{"start":{"line":105,"column":25},"end":{"line":107,"column":null}},"type":"cond-expr","locations":[{"start":{"line":106,"column":22},"end":{"line":106,"column":null}},{"start":{"line":107,"column":22},"end":{"line":107,"column":null}}],"line":105},"21":{"loc":{"start":{"line":117,"column":32},"end":{"line":117,"column":43}},"type":"default-arg","locations":[{"start":{"line":117,"column":39},"end":{"line":117,"column":43}}],"line":117},"22":{"loc":{"start":{"line":117,"column":43},"end":{"line":117,"column":67}},"type":"default-arg","locations":[{"start":{"line":117,"column":51},"end":{"line":117,"column":67}}],"line":117},"23":{"loc":{"start":{"line":117,"column":78},"end":{"line":117,"column":95}},"type":"default-arg","locations":[{"start":{"line":117,"column":89},"end":{"line":117,"column":95}}],"line":117},"24":{"loc":{"start":{"line":122,"column":25},"end":{"line":122,"column":null}},"type":"cond-expr","locations":[{"start":{"line":122,"column":36},"end":{"line":122,"column":55}},{"start":{"line":122,"column":55},"end":{"line":122,"column":null}}],"line":122},"25":{"loc":{"start":{"line":126,"column":25},"end":{"line":126,"column":null}},"type":"cond-expr","locations":[{"start":{"line":126,"column":36},"end":{"line":126,"column":67}},{"start":{"line":126,"column":67},"end":{"line":126,"column":null}}],"line":126},"26":{"loc":{"start":{"line":130,"column":25},"end":{"line":130,"column":null}},"type":"cond-expr","locations":[{"start":{"line":130,"column":36},"end":{"line":130,"column":53}},{"start":{"line":130,"column":53},"end":{"line":130,"column":null}}],"line":130}},"s":{"0":1,"1":21,"2":0,"3":0,"4":0,"5":0,"6":21},"f":{"0":21,"1":0,"2":0,"3":0,"4":0,"5":21},"b":{"0":[0],"1":[0],"2":[0],"3":[0,0],"4":[0,0],"5":[0,0],"6":[0,0],"7":[0],"8":[0],"9":[0],"10":[0,0],"11":[0,0],"12":[0],"13":[0],"14":[0],"15":[0,0],"16":[0],"17":[0],"18":[0],"19":[0,0],"20":[0,0],"21":[21],"22":[21],"23":[21],"24":[20,1],"25":[20,1],"26":[20,1]},"meta":{"lastBranch":27,"lastFunction":6,"lastStatement":7,"seen":{"s:10:11:10:Infinity":0,"f:10:11:10:15":0,"s:10:51:10:Infinity":1,"f:14:16:14:28":1,"b:14:37:14:41":0,"b:14:49:14:65":1,"b:14:85:14:91":2,"s:15:4:38:Infinity":2,"b:19:22:19:Infinity:20:22:20:Infinity":3,"b:23:13:23:Infinity:24:16:29:Infinity":4,"b:34:22:34:Infinity:35:22:35:Infinity":5,"b:36:61:36:67:36:67:36:69":6,"f:44:16:44:31":2,"b:44:40:44:44":7,"b:44:52:44:68":8,"b:44:92:44:98":9,"s:45:4:58:Infinity":3,"b:50:22:50:Infinity:51:22:51:Infinity":10,"b:55:38:55:69:55:69:55:Infinity":11,"f:64:16:64:27":3,"b:64:36:64:40":12,"b:64:48:64:64":13,"b:64:86:64:92":14,"s:65:4:90:Infinity":4,"b:71:20:77:Infinity:79:20:87:Infinity":15,"f:96:16:96:33":4,"b:96:42:96:46":16,"b:96:54:96:70":17,"b:96:92:96:98":18,"s:97:4:110:Infinity":5,"b:99:32:99:70:99:70:99:Infinity":19,"b:106:22:106:Infinity:107:22:107:Infinity":20,"f:117:16:117:30":5,"b:117:39:117:43":21,"b:117:51:117:67":22,"b:117:89:117:95":23,"s:118:4:133:Infinity":6,"b:122:36:122:55:122:55:122:Infinity":24,"b:126:36:126:67:126:67:126:Infinity":25,"b:130:36:130:53:130:53:130:Infinity":26}}}
,"C:\\Users\\Guru\\Desktop\\Projects\\Software\\Zero-Vault-Overall\\App\\secure_password_demo\\client\\src\\app\\contexts\\AuthContext.tsx": {"path":"C:\\Users\\Guru\\Desktop\\Projects\\Software\\Zero-Vault-Overall\\App\\secure_password_demo\\client\\src\\app\\contexts\\AuthContext.tsx","statementMap":{"0":{"start":{"line":11,"column":6},"end":{"line":11,"column":null}},"1":{"start":{"line":13,"column":21},"end":{"line":13,"column":null}},"2":{"start":{"line":26,"column":69},"end":{"line":182,"column":null}},"3":{"start":{"line":27,"column":22},"end":{"line":27,"column":null}},"4":{"start":{"line":28,"column":26},"end":{"line":33,"column":null}},"5":{"start":{"line":35,"column":4},"end":{"line":83,"column":null}},"6":{"start":{"line":36,"column":31},"end":{"line":80,"column":null}},"7":{"start":{"line":37,"column":26},"end":{"line":37,"column":null}},"8":{"start":{"line":38,"column":30},"end":{"line":38,"column":null}},"9":{"start":{"line":40,"column":12},"end":{"line":79,"column":null}},"10":{"start":{"line":41,"column":16},"end":{"line":71,"column":null}},"11":{"start":{"line":43,"column":37},"end":{"line":45,"column":null}},"12":{"start":{"line":47,"column":20},"end":{"line":57,"column":null}},"13":{"start":{"line":48,"column":41},"end":{"line":48,"column":null}},"14":{"start":{"line":49,"column":24},"end":{"line":49,"column":null}},"15":{"start":{"line":50,"column":24},"end":{"line":55,"column":null}},"16":{"start":{"line":56,"column":24},"end":{"line":56,"column":null}},"17":{"start":{"line":60,"column":20},"end":{"line":68,"column":null}},"18":{"start":{"line":61,"column":24},"end":{"line":66,"column":null}},"19":{"start":{"line":67,"column":24},"end":{"line":67,"column":null}},"20":{"start":{"line":70,"column":20},"end":{"line":70,"column":null}},"21":{"start":{"line":74,"column":16},"end":{"line":74,"column":null}},"22":{"start":{"line":75,"column":16},"end":{"line":75,"column":null}},"23":{"start":{"line":76,"column":16},"end":{"line":76,"column":null}},"24":{"start":{"line":76,"column":34},"end":{"line":76,"column":101}},"25":{"start":{"line":78,"column":16},"end":{"line":78,"column":null}},"26":{"start":{"line":78,"column":34},"end":{"line":78,"column":64}},"27":{"start":{"line":82,"column":8},"end":{"line":82,"column":null}},"28":{"start":{"line":85,"column":18},"end":{"line":117,"column":null}},"29":{"start":{"line":86,"column":8},"end":{"line":116,"column":null}},"30":{"start":{"line":87,"column":29},"end":{"line":91,"column":null}},"31":{"start":{"line":93,"column":25},"end":{"line":93,"column":null}},"32":{"start":{"line":95,"column":12},"end":{"line":97,"column":null}},"33":{"start":{"line":96,"column":16},"end":{"line":96,"column":null}},"34":{"start":{"line":99,"column":12},"end":{"line":99,"column":null}},"35":{"start":{"line":100,"column":12},"end":{"line":100,"column":null}},"36":{"start":{"line":102,"column":12},"end":{"line":102,"column":null}},"37":{"start":{"line":104,"column":12},"end":{"line":109,"column":null}},"38":{"start":{"line":111,"column":12},"end":{"line":111,"column":null}},"39":{"start":{"line":113,"column":24},"end":{"line":113,"column":null}},"40":{"start":{"line":114,"column":12},"end":{"line":114,"column":null}},"41":{"start":{"line":115,"column":12},"end":{"line":115,"column":null}},"42":{"start":{"line":119,"column":21},"end":{"line":151,"column":null}},"43":{"start":{"line":120,"column":8},"end":{"line":150,"column":null}},"44":{"start":{"line":121,"column":29},"end":{"line":125,"column":null}},"45":{"start":{"line":127,"column":25},"end":{"line":127,"column":null}},"46":{"start":{"line":129,"column":12},"end":{"line":131,"column":null}},"47":{"start":{"line":130,"column":16},"end":{"line":130,"column":null}},"48":{"start":{"line":133,"column":12},"end":{"line":133,"column":null}},"49":{"start":{"line":134,"column":12},"end":{"line":134,"column":null}},"50":{"start":{"line":136,"column":12},"end":{"line":136,"column":null}},"51":{"start":{"line":138,"column":12},"end":{"line":143,"column":null}},"52":{"start":{"line":145,"column":12},"end":{"line":145,"column":null}},"53":{"start":{"line":147,"column":24},"end":{"line":147,"column":null}},"54":{"start":{"line":148,"column":12},"end":{"line":148,"column":null}},"55":{"start":{"line":149,"column":12},"end":{"line":149,"column":null}},"56":{"start":{"line":153,"column":19},"end":{"line":170,"column":null}},"57":{"start":{"line":154,"column":8},"end":{"line":154,"column":null}},"58":{"start":{"line":155,"column":8},"end":{"line":155,"column":null}},"59":{"start":{"line":156,"column":8},"end":{"line":156,"column":null}},"60":{"start":{"line":158,"column":8},"end":{"line":162,"column":null}},"61":{"start":{"line":159,"column":12},"end":{"line":161,"column":null}},"62":{"start":{"line":160,"column":16},"end":{"line":160,"column":null}},"63":{"start":{"line":163,"column":8},"end":{"line":168,"column":null}},"64":{"start":{"line":169,"column":8},"end":{"line":169,"column":null}},"65":{"start":{"line":173,"column":4},"end":{"line":175,"column":null}},"66":{"start":{"line":174,"column":9},"end":{"line":174,"column":null}},"67":{"start":{"line":177,"column":4},"end":{"line":180,"column":null}},"68":{"start":{"line":194,"column":23},"end":{"line":198,"column":null}},"69":{"start":{"line":195,"column":10},"end":{"line":195,"column":null}},"70":{"start":{"line":196,"column":4},"end":{"line":196,"column":null}},"71":{"start":{"line":196,"column":18},"end":{"line":196,"column":null}},"72":{"start":{"line":197,"column":4},"end":{"line":197,"column":null}}},"fnMap":{"0":{"name":"(anonymous_0)","decl":{"start":{"line":26,"column":69},"end":{"line":26,"column":70}},"loc":{"start":{"line":26,"column":87},"end":{"line":182,"column":null}},"line":26},"1":{"name":"(anonymous_1)","decl":{"start":{"line":35,"column":14},"end":{"line":35,"column":20}},"loc":{"start":{"line":35,"column":20},"end":{"line":83,"column":7}},"line":35},"2":{"name":"(anonymous_2)","decl":{"start":{"line":36,"column":31},"end":{"line":36,"column":43}},"loc":{"start":{"line":36,"column":43},"end":{"line":80,"column":null}},"line":36},"3":{"name":"(anonymous_3)","decl":{"start":{"line":76,"column":25},"end":{"line":76,"column":34}},"loc":{"start":{"line":76,"column":34},"end":{"line":76,"column":101}},"line":76},"4":{"name":"(anonymous_4)","decl":{"start":{"line":78,"column":25},"end":{"line":78,"column":34}},"loc":{"start":{"line":78,"column":34},"end":{"line":78,"column":64}},"line":78},"5":{"name":"(anonymous_5)","decl":{"start":{"line":85,"column":18},"end":{"line":85,"column":25}},"loc":{"start":{"line":85,"column":61},"end":{"line":117,"column":null}},"line":85},"6":{"name":"(anonymous_6)","decl":{"start":{"line":119,"column":21},"end":{"line":119,"column":28}},"loc":{"start":{"line":119,"column":86},"end":{"line":151,"column":null}},"line":119},"7":{"name":"(anonymous_7)","decl":{"start":{"line":153,"column":19},"end":{"line":153,"column":25}},"loc":{"start":{"line":153,"column":25},"end":{"line":170,"column":null}},"line":153},"8":{"name":"(anonymous_8)","decl":{"start":{"line":158,"column":42},"end":{"line":158,"column":49}},"loc":{"start":{"line":158,"column":49},"end":{"line":162,"column":9}},"line":158},"9":{"name":"(anonymous_9)","decl":{"start":{"line":194,"column":23},"end":{"line":194,"column":29}},"loc":{"start":{"line":194,"column":29},"end":{"line":198,"column":null}},"line":194}},"branchMap":{"0":{"loc":{"start":{"line":13,"column":24},"end":{"line":13,"column":113}},"type":"binary-expr","locations":[{"start":{"line":13,"column":24},"end":{"line":13,"column":61}},{"start":{"line":13,"column":61},"end":{"line":13,"column":113}}],"line":13},"1":{"loc":{"start":{"line":13,"column":61},"end":{"line":13,"column":113}},"type":"cond-expr","locations":[{"start":{"line":13,"column":84},"end":{"line":13,"column":89}},{"start":{"line":13,"column":89},"end":{"line":13,"column":113}}],"line":13},"2":{"loc":{"start":{"line":40,"column":12},"end":{"line":79,"column":null}},"type":"if","locations":[{"start":{"line":40,"column":12},"end":{"line":79,"column":null}},{"start":{"line":77,"column":19},"end":{"line":79,"column":null}}],"line":40},"3":{"loc":{"start":{"line":47,"column":20},"end":{"line":57,"column":null}},"type":"if","locations":[{"start":{"line":47,"column":20},"end":{"line":57,"column":null}},{"start":{},"end":{}}],"line":47},"4":{"loc":{"start":{"line":60,"column":20},"end":{"line":68,"column":null}},"type":"if","locations":[{"start":{"line":60,"column":20},"end":{"line":68,"column":null}},{"start":{},"end":{}}],"line":60},"5":{"loc":{"start":{"line":95,"column":12},"end":{"line":97,"column":null}},"type":"if","locations":[{"start":{"line":95,"column":12},"end":{"line":97,"column":null}},{"start":{},"end":{}}],"line":95},"6":{"loc":{"start":{"line":96,"column":32},"end":{"line":96,"column":60}},"type":"binary-expr","locations":[{"start":{"line":96,"column":32},"end":{"line":96,"column":46}},{"start":{"line":96,"column":46},"end":{"line":96,"column":60}}],"line":96},"7":{"loc":{"start":{"line":113,"column":24},"end":{"line":113,"column":null}},"type":"cond-expr","locations":[{"start":{"line":113,"column":49},"end":{"line":113,"column":65}},{"start":{"line":113,"column":65},"end":{"line":113,"column":null}}],"line":113},"8":{"loc":{"start":{"line":129,"column":12},"end":{"line":131,"column":null}},"type":"if","locations":[{"start":{"line":129,"column":12},"end":{"line":131,"column":null}},{"start":{},"end":{}}],"line":129},"9":{"loc":{"start":{"line":130,"column":32},"end":{"line":130,"column":67}},"type":"binary-expr","locations":[{"start":{"line":130,"column":32},"end":{"line":130,"column":46}},{"start":{"line":130,"column":46},"end":{"line":130,"column":67}}],"line":130},"10":{"loc":{"start":{"line":147,"column":24},"end":{"line":147,"column":null}},"type":"cond-expr","locations":[{"start":{"line":147,"column":49},"end":{"line":147,"column":65}},{"start":{"line":147,"column":65},"end":{"line":147,"column":null}}],"line":147},"11":{"loc":{"start":{"line":159,"column":12},"end":{"line":161,"column":null}},"type":"if","locations":[{"start":{"line":159,"column":12},"end":{"line":161,"column":null}},{"start":{},"end":{}}],"line":159},"12":{"loc":{"start":{"line":159,"column":16},"end":{"line":159,"column":85}},"type":"binary-expr","locations":[{"start":{"line":159,"column":16},"end":{"line":159,"column":51}},{"start":{"line":159,"column":51},"end":{"line":159,"column":85}}],"line":159},"13":{"loc":{"start":{"line":173,"column":4},"end":{"line":175,"column":null}},"type":"if","locations":[{"start":{"line":173,"column":4},"end":{"line":175,"column":null}},{"start":{},"end":{}}],"line":173},"14":{"loc":{"start":{"line":196,"column":4},"end":{"line":196,"column":null}},"type":"if","locations":[{"start":{"line":196,"column":4},"end":{"line":196,"column":null}},{"start":{},"end":{}}],"line":196}},"s":{"0":2,"1":2,"2":2,"3":10,"4":10,"5":10,"6":4,"7":4,"8":4,"9":4,"10":1,"11":1,"12":1,"13":0,"14":0,"15":0,"16":0,"17":0,"18":0,"19":0,"20":1,"21":1,"22":1,"23":1,"24":1,"25":3,"26":3,"27":4,"28":10,"29":2,"30":2,"31":2,"32":2,"33":1,"34":1,"35":1,"36":1,"37":1,"38":1,"39":1,"40":1,"41":1,"42":10,"43":0,"44":0,"45":0,"46":0,"47":0,"48":0,"49":0,"50":0,"51":0,"52":0,"53":0,"54":0,"55":0,"56":10,"57":1,"58":1,"59":1,"60":1,"61":0,"62":0,"63":1,"64":1,"65":10,"66":10,"67":10,"68":2,"69":10,"70":10,"71":0,"72":10},"f":{"0":10,"1":4,"2":4,"3":1,"4":3,"5":2,"6":0,"7":1,"8":0,"9":10},"b":{"0":[2,2],"1":[0,2],"2":[1,3],"3":[0,1],"4":[0,0],"5":[1,1],"6":[1,0],"7":[1,0],"8":[0,0],"9":[0,0],"10":[0,0],"11":[0,0],"12":[0,0],"13":[10,0],"14":[0,10]},"meta":{"lastBranch":15,"lastFunction":10,"lastStatement":73,"seen":{"s:11:6:11:Infinity":0,"s:13:21:13:Infinity":1,"b:13:24:13:61:13:61:13:113":0,"b:13:84:13:89:13:89:13:113":1,"s:26:69:182:Infinity":2,"f:26:69:26:70":0,"s:27:22:27:Infinity":3,"s:28:26:33:Infinity":4,"s:35:4:83:Infinity":5,"f:35:14:35:20":1,"s:36:31:80:Infinity":6,"f:36:31:36:43":2,"s:37:26:37:Infinity":7,"s:38:30:38:Infinity":8,"b:40:12:79:Infinity:77:19:79:Infinity":2,"s:40:12:79:Infinity":9,"s:41:16:71:Infinity":10,"s:43:37:45:Infinity":11,"b:47:20:57:Infinity:undefined:undefined:undefined:undefined":3,"s:47:20:57:Infinity":12,"s:48:41:48:Infinity":13,"s:49:24:49:Infinity":14,"s:50:24:55:Infinity":15,"s:56:24:56:Infinity":16,"b:60:20:68:Infinity:undefined:undefined:undefined:undefined":4,"s:60:20:68:Infinity":17,"s:61:24:66:Infinity":18,"s:67:24:67:Infinity":19,"s:70:20:70:Infinity":20,"s:74:16:74:Infinity":21,"s:75:16:75:Infinity":22,"s:76:16:76:Infinity":23,"f:76:25:76:34":3,"s:76:34:76:101":24,"s:78:16:78:Infinity":25,"f:78:25:78:34":4,"s:78:34:78:64":26,"s:82:8:82:Infinity":27,"s:85:18:117:Infinity":28,"f:85:18:85:25":5,"s:86:8:116:Infinity":29,"s:87:29:91:Infinity":30,"s:93:25:93:Infinity":31,"b:95:12:97:Infinity:undefined:undefined:undefined:undefined":5,"s:95:12:97:Infinity":32,"s:96:16:96:Infinity":33,"b:96:32:96:46:96:46:96:60":6,"s:99:12:99:Infinity":34,"s:100:12:100:Infinity":35,"s:102:12:102:Infinity":36,"s:104:12:109:Infinity":37,"s:111:12:111:Infinity":38,"s:113:24:113:Infinity":39,"b:113:49:113:65:113:65:113:Infinity":7,"s:114:12:114:Infinity":40,"s:115:12:115:Infinity":41,"s:119:21:151:Infinity":42,"f:119:21:119:28":6,"s:120:8:150:Infinity":43,"s:121:29:125:Infinity":44,"s:127:25:127:Infinity":45,"b:129:12:131:Infinity:undefined:undefined:undefined:undefined":8,"s:129:12:131:Infinity":46,"s:130:16:130:Infinity":47,"b:130:32:130:46:130:46:130:67":9,"s:133:12:133:Infinity":48,"s:134:12:134:Infinity":49,"s:136:12:136:Infinity":50,"s:138:12:143:Infinity":51,"s:145:12:145:Infinity":52,"s:147:24:147:Infinity":53,"b:147:49:147:65:147:65:147:Infinity":10,"s:148:12:148:Infinity":54,"s:149:12:149:Infinity":55,"s:153:19:170:Infinity":56,"f:153:19:153:25":7,"s:154:8:154:Infinity":57,"s:155:8:155:Infinity":58,"s:156:8:156:Infinity":59,"s:158:8:162:Infinity":60,"f:158:42:158:49":8,"b:159:12:161:Infinity:undefined:undefined:undefined:undefined":11,"s:159:12:161:Infinity":61,"b:159:16:159:51:159:51:159:85":12,"s:160:16:160:Infinity":62,"s:163:8:168:Infinity":63,"s:169:8:169:Infinity":64,"b:173:4:175:Infinity:undefined:undefined:undefined:undefined":13,"s:173:4:175:Infinity":65,"s:174:9:174:Infinity":66,"s:177:4:180:Infinity":67,"s:194:23:198:Infinity":68,"f:194:23:194:29":9,"s:195:10:195:Infinity":69,"b:196:4:196:Infinity:undefined:undefined:undefined:undefined":14,"s:196:4:196:Infinity":70,"s:196:18:196:Infinity":71,"s:197:4:197:Infinity":72}}}
,"C:\\Users\\Guru\\Desktop\\Projects\\Software\\Zero-Vault-Overall\\App\\secure_password_demo\\client\\src\\app\\contexts\\ToastContext.tsx": {"path":"C:\\Users\\Guru\\Desktop\\Projects\\Software\\Zero-Vault-Overall\\App\\secure_password_demo\\client\\src\\app\\contexts\\ToastContext.tsx","statementMap":{"0":{"start":{"line":28,"column":6},"end":{"line":28,"column":null}},"1":{"start":{"line":37,"column":28},"end":{"line":37,"column":null}},"2":{"start":{"line":39,"column":10},"end":{"line":41,"column":null}},"3":{"start":{"line":40,"column":8},"end":{"line":40,"column":null}},"4":{"start":{"line":40,"column":26},"end":{"line":40,"column":55}},"5":{"start":{"line":40,"column":43},"end":{"line":40,"column":54}},"6":{"start":{"line":43,"column":10},"end":{"line":54,"column":null}},"7":{"start":{"line":44,"column":19},"end":{"line":44,"column":null}},"8":{"start":{"line":45,"column":29},"end":{"line":45,"column":null}},"9":{"start":{"line":47,"column":8},"end":{"line":47,"column":null}},"10":{"start":{"line":47,"column":26},"end":{"line":47,"column":42}},"11":{"start":{"line":49,"column":8},"end":{"line":53,"column":null}},"12":{"start":{"line":50,"column":12},"end":{"line":52,"column":null}},"13":{"start":{"line":51,"column":16},"end":{"line":51,"column":null}},"14":{"start":{"line":56,"column":20},"end":{"line":67,"column":null}},"15":{"start":{"line":57,"column":8},"end":{"line":66,"column":null}},"16":{"start":{"line":59,"column":16},"end":{"line":59,"column":null}},"17":{"start":{"line":61,"column":16},"end":{"line":61,"column":null}},"18":{"start":{"line":63,"column":16},"end":{"line":63,"column":null}},"19":{"start":{"line":65,"column":16},"end":{"line":65,"column":null}},"20":{"start":{"line":69,"column":22},"end":{"line":80,"column":null}},"21":{"start":{"line":70,"column":8},"end":{"line":79,"column":null}},"22":{"start":{"line":72,"column":16},"end":{"line":72,"column":null}},"23":{"start":{"line":74,"column":16},"end":{"line":74,"column":null}},"24":{"start":{"line":76,"column":16},"end":{"line":76,"column":null}},"25":{"start":{"line":78,"column":16},"end":{"line":78,"column":null}},"26":{"start":{"line":82,"column":4},"end":{"line":109,"column":null}},"27":{"start":{"line":90,"column":24},"end":{"line":105,"column":null}},"28":{"start":{"line":100,"column":47},"end":{"line":100,"column":null}},"29":{"start":{"line":118,"column":10},"end":{"line":118,"column":null}},"30":{"start":{"line":119,"column":4},"end":{"line":121,"column":null}},"31":{"start":{"line":120,"column":8},"end":{"line":120,"column":null}},"32":{"start":{"line":122,"column":4},"end":{"line":122,"column":null}}},"fnMap":{"0":{"name":"ToastProvider","decl":{"start":{"line":36,"column":16},"end":{"line":36,"column":30}},"loc":{"start":{"line":36,"column":69},"end":{"line":111,"column":null}},"line":36},"1":{"name":"(anonymous_1)","decl":{"start":{"line":39,"column":36},"end":{"line":39,"column":37}},"loc":{"start":{"line":39,"column":52},"end":{"line":41,"column":7}},"line":39},"2":{"name":"(anonymous_2)","decl":{"start":{"line":40,"column":18},"end":{"line":40,"column":26}},"loc":{"start":{"line":40,"column":26},"end":{"line":40,"column":55}},"line":40},"3":{"name":"(anonymous_3)","decl":{"start":{"line":40,"column":38},"end":{"line":40,"column":43}},"loc":{"start":{"line":40,"column":43},"end":{"line":40,"column":54}},"line":40},"4":{"name":"(anonymous_4)","decl":{"start":{"line":43,"column":34},"end":{"line":43,"column":35}},"loc":{"start":{"line":43,"column":106},"end":{"line":54,"column":7}},"line":43},"5":{"name":"(anonymous_5)","decl":{"start":{"line":47,"column":18},"end":{"line":47,"column":26}},"loc":{"start":{"line":47,"column":26},"end":{"line":47,"column":42}},"line":47},"6":{"name":"(anonymous_6)","decl":{"start":{"line":50,"column":23},"end":{"line":50,"column":29}},"loc":{"start":{"line":50,"column":29},"end":{"line":52,"column":15}},"line":50},"7":{"name":"(anonymous_7)","decl":{"start":{"line":56,"column":20},"end":{"line":56,"column":21}},"loc":{"start":{"line":56,"column":41},"end":{"line":67,"column":null}},"line":56},"8":{"name":"(anonymous_8)","decl":{"start":{"line":69,"column":22},"end":{"line":69,"column":23}},"loc":{"start":{"line":69,"column":43},"end":{"line":80,"column":null}},"line":69},"9":{"name":"(anonymous_9)","decl":{"start":{"line":89,"column":32},"end":{"line":89,"column":null}},"loc":{"start":{"line":90,"column":24},"end":{"line":105,"column":null}},"line":90},"10":{"name":"(anonymous_10)","decl":{"start":{"line":100,"column":41},"end":{"line":100,"column":47}},"loc":{"start":{"line":100,"column":47},"end":{"line":100,"column":null}},"line":100},"11":{"name":"useToast","decl":{"start":{"line":117,"column":16},"end":{"line":117,"column":27}},"loc":{"start":{"line":117,"column":27},"end":{"line":123,"column":null}},"line":117}},"branchMap":{"0":{"loc":{"start":{"line":43,"column":52},"end":{"line":43,"column":78}},"type":"default-arg","locations":[{"start":{"line":43,"column":70},"end":{"line":43,"column":78}}],"line":43},"1":{"loc":{"start":{"line":43,"column":78},"end":{"line":43,"column":106}},"type":"default-arg","locations":[{"start":{"line":43,"column":97},"end":{"line":43,"column":106}}],"line":43},"2":{"loc":{"start":{"line":49,"column":8},"end":{"line":53,"column":null}},"type":"if","locations":[{"start":{"line":49,"column":8},"end":{"line":53,"column":null}},{"start":{},"end":{}}],"line":49},"3":{"loc":{"start":{"line":57,"column":8},"end":{"line":66,"column":null}},"type":"switch","locations":[{"start":{"line":58,"column":12},"end":{"line":59,"column":null}},{"start":{"line":60,"column":12},"end":{"line":61,"column":null}},{"start":{"line":62,"column":12},"end":{"line":63,"column":null}},{"start":{"line":64,"column":12},"end":{"line":65,"column":null}}],"line":57},"4":{"loc":{"start":{"line":70,"column":8},"end":{"line":79,"column":null}},"type":"switch","locations":[{"start":{"line":71,"column":12},"end":{"line":72,"column":null}},{"start":{"line":73,"column":12},"end":{"line":74,"column":null}},{"start":{"line":75,"column":12},"end":{"line":76,"column":null}},{"start":{"line":77,"column":12},"end":{"line":78,"column":null}}],"line":70},"5":{"loc":{"start":{"line":119,"column":4},"end":{"line":121,"column":null}},"type":"if","locations":[{"start":{"line":119,"column":4},"end":{"line":121,"column":null}},{"start":{},"end":{}}],"line":119}},"s":{"0":2,"1":12,"2":12,"3":0,"4":0,"5":0,"6":12,"7":6,"8":6,"9":6,"10":6,"11":6,"12":6,"13":0,"14":12,"15":6,"16":5,"17":0,"18":0,"19":1,"20":12,"21":6,"22":5,"23":0,"24":0,"25":1,"26":12,"27":6,"28":0,"29":30,"30":30,"31":0,"32":30},"f":{"0":12,"1":0,"2":0,"3":0,"4":6,"5":6,"6":0,"7":6,"8":6,"9":6,"10":0,"11":30},"b":{"0":[6],"1":[6],"2":[6,0],"3":[5,0,0,1],"4":[5,0,0,1],"5":[0,30]},"meta":{"lastBranch":6,"lastFunction":12,"lastStatement":33,"seen":{"s:28:6:28:Infinity":0,"f:36:16:36:30":0,"s:37:28:37:Infinity":1,"s:39:10:41:Infinity":2,"f:39:36:39:37":1,"s:40:8:40:Infinity":3,"f:40:18
[...]
t":{"line":60,"column":20},"end":{"line":62,"column":null}},"type":"if","locations":[{"start":{"line":60,"column":20},"end":{"line":62,"column":null}},{"start":{},"end":{}}],"line":60},"7":{"loc":{"start":{"line":65,"column":16},"end":{"line":91,"column":null}},"type":"if","locations":[{"start":{"line":65,"column":16},"end":{"line":91,"column":null}},{"start":{"line":78,"column":23},"end":{"line":91,"column":null}}],"line":65},"8":{"loc":{"start":{"line":67,"column":36},"end":{"line":67,"column":null}},"type":"binary-expr","locations":[{"start":{"line":67,"column":36},"end":{"line":67,"column":68}},{"start":{"line":67,"column":68},"end":{"line":67,"column":null}}],"line":67},"9":{"loc":{"start":{"line":71,"column":35},"end":{"line":71,"column":null}},"type":"binary-expr","locations":[{"start":{"line":71,"column":35},"end":{"line":71,"column":59}},{"start":{"line":71,"column":59},"end":{"line":71,"column":null}}],"line":71},"10":{"loc":{"start":{"line":80,"column":36},"end":{"line":80,"column":null}},"type":"binary-expr","locations":[{"start":{"line":80,"column":36},"end":{"line":80,"column":68}},{"start":{"line":80,"column":68},"end":{"line":80,"column":null}}],"line":80},"11":{"loc":{"start":{"line":84,"column":35},"end":{"line":84,"column":null}},"type":"binary-expr","locations":[{"start":{"line":84,"column":35},"end":{"line":84,"column":60}},{"start":{"line":84,"column":60},"end":{"line":84,"column":86}},{"start":{"line":84,"column":86},"end":{"line":84,"column":null}}],"line":84}},"s":{"0":2,"1":7,"2":7,"3":7,"4":3,"5":3,"6":3,"7":3,"8":1,"9":1,"10":3,"11":2,"12":2,"13":2,"14":2,"15":2,"16":2,"17":1,"18":1,"19":0,"20":0,"21":0,"22":0,"23":2,"24":1,"25":1,"26":1,"27":1,"28":1,"29":1,"30":0,"31":3,"32":0,"33":3,"34":0,"35":0,"36":0,"37":0,"38":0,"39":0,"40":0,"41":0,"42":0,"43":0},"f":{"0":7,"1":7,"2":3,"3":3,"4":1,"5":2,"6":0,"7":0,"8":0,"9":0,"10":0},"b":{"0":[1,0],"1":[2,0],"2":[1,1],"3":[0,1],"4":[0,0],"5":[0,0],"6":[0,0],"7":[1,1],"8":[1,1],"9":[1,1],"10":[1,1],"11":[1,1,0]},"meta":{"lastBranch":12,"lastFunction":11,"lastStatement":44,"seen":{"s:3:27:125:Infinity":0,"f:12:20:12:21":0,"s:13:24:13:Infinity":1,"f:13:44:13:49":1,"s:13:49:13:72":2,"s:15:8:22:Infinity":3,"f:34:22:34:23":2,"s:35:26:35:Infinity":4,"s:38:8:38:Infinity":5,"f:38:29:38:34":3,"s:38:34:38:63":6,"s:40:8:44:Infinity":7,"f:40:35:40:50":4,"b:41:12:43:Infinity:undefined:undefined:undefined:undefined":0,"s:41:12:43:Infinity":8,"s:42:16:42:Infinity":9,"s:46:8:95:Infinity":10,"f:46:37:46:52":5,"s:47:31:47:Infinity":11,"b:48:12:94:Infinity:92:19:94:Infinity":1,"s:48:12:94:Infinity":12,"s:49:34:49:Infinity":13,"s:50:35:50:Infinity":14,"s:53:33:53:Infinity":15,"b:54:16:63:Infinity:56:16:63:Infinity":2,"s:54:16:63:Infinity":16,"s:55:20:55:Infinity":17,"b:56:16:63:Infinity:undefined:undefined:undefined:undefined":3,"s:56:16:63:Infinity":18,"s:58:37:58:Infinity":19,"b:58:37:58:61:58:61:58:Infinity":4,"s:59:38:59:Infinity":20,"b:59:38:59:63:59:63:59:Infinity":5,"b:60:20:62:Infinity:undefined:undefined:undefined:undefined":6,"s:60:20:62:Infinity":21,"s:61:24:61:Infinity":22,"b:65:16:91:Infinity:78:23:91:Infinity":7,"s:65:16:91:Infinity":23,"s:67:36:67:Infinity":24,"b:67:36:67:68:67:68:67:Infinity":8,"s:68:46:72:Infinity":25,"b:71:35:71:59:71:59:71:Infinity":9,"s:74:20:77:Infinity":26,"s:80:36:80:Infinity":27,"b:80:36:80:68:80:68:80:Infinity":10,"s:81:46:85:Infinity":28,"b:84:35:84:60:84:60:84:86:84:86:84:Infinity":11,"s:87:20:90:Infinity":29,"s:93:16:93:Infinity":30,"s:98:8:100:Infinity":31,"f:98:37:98:43":6,"s:99:12:99:Infinity":32,"s:102:8:102:Infinity":33,"f:109:24:109:31":7,"s:111:23:116:Infinity":34,"f:111:41:111:42":8,"s:111:51:111:62":35,"f:111:68:111:74":9,"s:111:74:116:10":36,"s:118:27:118:Infinity":37,"s:119:26:119:Infinity":38,"s:120:27:120:Infinity":39,"s:121:26:121:Infinity":40,"s:122:24:122:Infinity":41,"f:122:38:122:43":10,"s:122:43:122:74":42,"s:123:8:123:Infinity":43}}}
,"C:\\Users\\Guru\\Desktop\\Projects\\Software\\Zero-Vault-Overall\\App\\secure_password_demo\\client\\src\\shared\\utils\\device.utils.ts": {"path":"C:\\Users\\Guru\\Desktop\\Projects\\Software\\Zero-Vault-Overall\\App\\secure_password_demo\\client\\src\\shared\\utils\\device.utils.ts","statementMap":{"0":{"start":{"line":4,"column":29},"end":{"line":34,"column":null}},"1":{"start":{"line":5,"column":15},"end":{"line":5,"column":null}},"2":{"start":{"line":6,"column":18},"end":{"line":6,"column":null}},"3":{"start":{"line":7,"column":13},"end":{"line":7,"column":null}},"4":{"start":{"line":10,"column":4},"end":{"line":10,"column":null}},"5":{"start":{"line":10,"column":34},"end":{"line":10,"column":null}},"6":{"start":{"line":11,"column":4},"end":{"line":11,"column":null}},"7":{"start":{"line":11,"column":34},"end":{"line":11,"column":null}},"8":{"start":{"line":12,"column":4},"end":{"line":12,"column":null}},"9":{"start":{"line":12,"column":34},"end":{"line":12,"column":null}},"10":{"start":{"line":13,"column":4},"end":{"line":13,"column":null}},"11":{"start":{"line":13,"column":36},"end":{"line":13,"column":null}},"12":{"start":{"line":14,"column":4},"end":{"line":14,"column":null}},"13":{"start":{"line":14,"column":38},"end":{"line":14,"column":null}},"14":{"start":{"line":15,"column":4},"end":{"line":15,"column":null}},"15":{"start":{"line":15,"column":39},"end":{"line":15,"column":null}},"16":{"start":{"line":18,"column":4},"end":{"line":18,"column":null}},"17":{"start":{"line":18,"column":37},"end":{"line":18,"column":null}},"18":{"start":{"line":19,"column":4},"end":{"line":19,"column":null}},"19":{"start":{"line":19,"column":68},"end":{"line":19,"column":null}},"20":{"start":{"line":20,"column":4},"end":{"line":20,"column":null}},"21":{"start":{"line":20,"column":38},"end":{"line":20,"column":null}},"22":{"start":{"line":21,"column":4},"end":{"line":21,"column":null}},"23":{"start":{"line":21,"column":35},"end":{"line":21,"column":null}},"24":{"start":{"line":24,"column":21},"end":{"line":24,"column":null}},"25":{"start":{"line":25,"column":23},"end":{"line":25,"column":null}},"26":{"start":{"line":29,"column":4},"end":{"line":31,"column":null}},"27":{"start":{"line":30,"column":8},"end":{"line":30,"column":null}},"28":{"start":{"line":33,"column":4},"end":{"line":33,"column":null}}},"fnMap":{"0":{"name":"(anonymous_0)","decl":{"start":{"line":4,"column":29},"end":{"line":4,"column":43}},"loc":{"start":{"line":4,"column":43},"end":{"line":34,"column":null}},"line":4}},"branchMap":{"0":{"loc":{"start":{"line":10,"column":4},"end":{"line":10,"column":null}},"type":"if","locations":[{"start":{"line":10,"column":4},"end":{"line":10,"column":null}},{"start":{},"end":{}}],"line":10},"1":{"loc":{"start":{"line":11,"column":4},"end":{"line":11,"column":null}},"type":"if","locations":[{"start":{"line":11,"column":4},"end":{"line":11,"column":null}},{"start":{},"end":{}}],"line":11},"2":{"loc":{"start":{"line":12,"column":4},"end":{"line":12,"column":null}},"type":"if","locations":[{"start":{"line":12,"column":4},"end":{"line":12,"column":null}},{"start":{},"end":{}}],"line":12},"3":{"loc":{"start":{"line":13,"column":4},"end":{"line":13,"column":null}},"type":"if","locations":[{"start":{"line":13,"column":4},"end":{"line":13,"column":null}},{"start":{},"end":{}}],"line":13},"4":{"loc":{"start":{"line":14,"column":4},"end":{"line":14,"column":null}},"type":"if","locations":[{"start":{"line":14,"column":4},"end":{"line":14,"column":null}},{"start":{},"end":{}}],"line":14},"5":{"loc":{"start":{"line":15,"column":4},"end":{"line":15,"column":null}},"type":"if","locations":[{"start":{"line":15,"column":4},"end":{"line":15,"column":null}},{"start":{},"end":{}}],"line":15},"6":{"loc":{"start":{"line":18,"column":4},"end":{"line":18,"column":null}},"type":"if","locations":[{"start":{"line":18,"column":4},"end":{"line":18,"column":null}},{"start":{},"end":{}}],"line":18},"7":{"loc":{"start":{"line":19,"column":4},"end":{"line":19,"column":null}},"type":"if","locations":[{"start":{"line":19,"column":4},"end":{"line":19,"column":null}},{"start":{},"end":{}}],"line":19},"8":{"loc":{"start":{"line":19,"column":8},"end":{"line":19,"column":68}},"type":"binary-expr","locations":[{"start":{"line":19,"column":8},"end":{"line":19,"column":39}},{"start":{"line":19,"column":39},"end":{"line":19,"column":68}}],"line":19},"9":{"loc":{"start":{"line":20,"column":4},"end":{"line":20,"column":null}},"type":"if","locations":[{"start":{"line":20,"column":4},"end":{"line":20,"column":null}},{"start":{},"end":{}}],"line":20},"10":{"loc":{"start":{"line":21,"column":4},"end":{"line":21,"column":null}},"type":"if","locations":[{"start":{"line":21,"column":4},"end":{"line":21,"column":null}},{"start":{},"end":{}}],"line":21},"11":{"loc":{"start":{"line":25,"column":23},"end":{"line":25,"column":null}},"type":"cond-expr","locations":[{"start":{"line":25,"column":34},"end":{"line":25,"column":45}},{"start":{"line":25,"column":45},"end":{"line":25,"column":null}}],"line":25},"12":{"loc":{"start":{"line":29,"column":4},"end":{"line":31,"column":null}},"type":"if","locations":[{"start":{"line":29,"column":4},"end":{"line":31,"column":null}},{"start":{},"end":{}}],"line":29}},"s":{"0":1,"1":3,"2":3,"3":3,"4":3,"5":3,"6":3,"7":0,"8":3,"9":3,"10":3,"11":0,"12":3,"13":0,"14":3,"15":0,"16":3,"17":0,"18":3,"19":0,"20":3,"21":0,"22":3,"23":0,"24":3,"25":3,"26":3,"27":0,"28":3},"f":{"0":3},"b":{"0":[3,0],"1":[0,3],"2":[3,0],"3":[0,3],"4":[0,3],"5":[0,3],"6":[0,3],"7":[0,3],"8":[3,0],"9":[0,3],"10":[0,3],"11":[0,3],"12":[0,3]},"meta":{"lastBranch":13,"lastFunction":1,"lastStatement":29,"seen":{"s:4:29:34:Infinity":0,"f:4:29:4:43":0,"s:5:15:5:Infinity":1,"s:6:18:6:Infinity":2,"s:7:13:7:Infinity":3,"b:10:4:10:Infinity:undefined:undefined:undefined:undefined":0,"s:10:4:10:Infinity":4,"s:10:34:10:Infinity":5,"b:11:4:11:Infinity:undefined:undefined:undefined:undefined":1,"s:11:4:11:Infinity":6,"s:11:34:11:Infinity":7,"b:12:4:12:Infinity:undefined:undefined:undefined:undefined":2,"s:12:4:12:Infinity":8,"s:12:34:12:Infinity":9,"b:13:4:13:Infinity:undefined:undefined:undefined:undefined":3,"s:13:4:13:Infinity":10,"s:13:36:13:Infinity":11,"b:14:4:14:Infinity:undefined:undefined:undefined:undefined":4,"s:14:4:14:Infinity":12,"s:14:38:14:Infinity":13,"b:15:4:15:Infinity:undefined:undefined:undefined:undefined":5,"s:15:4:15:Infinity":14,"s:15:39:15:Infinity":15,"b:18:4:18:Infinity:undefined:undefined:undefined:undefined":6,"s:18:4:18:Infinity":16,"s:18:37:18:Infinity":17,"b:19:4:19:Infinity:undefined:undefined:undefined:undefined":7,"s:19:4:19:Infinity":18,"b:19:8:19:39:19:39:19:68":8,"s:19:68:19:Infinity":19,"b:20:4:20:Infinity:undefined:undefined:undefined:undefined":9,"s:20:4:20:Infinity":20,"s:20:38:20:Infinity":21,"b:21:4:21:Infinity:undefined:undefined:undefined:undefined":10,"s:21:4:21:Infinity":22,"s:21:35:21:Infinity":23,"s:24:21:24:Infinity":24,"s:25:23:25:Infinity":25,"b:25:34:25:45:25:45:25:Infinity":11,"b:29:4:31:Infinity:undefined:undefined:undefined:undefined":12,"s:29:4:31:Infinity":26,"s:30:8:30:Infinity":27,"s:33:4:33:Infinity":28}}}
,"C:\\Users\\Guru\\Desktop\\Projects\\Software\\Zero-Vault-Overall\\App\\secure_password_demo\\client\\src\\shared\\utils\\passwordGenerator.ts": {"path":"C:\\Users\\Guru\\Desktop\\Projects\\Software\\Zero-Vault-Overall\\App\\secure_password_demo\\client\\src\\shared\\utils\\passwordGenerator.ts","statementMap":{"0":{"start":{"line":1,"column":32},"end":{"line":27,"column":null}},"1":{"start":{"line":8,"column":18},"end":{"line":8,"column":null}},"2":{"start":{"line":9,"column":4},"end":{"line":9,"column":null}},"3":{"start":{"line":9,"column":26},"end":{"line":9,"column":null}},"4":{"start":{"line":10,"column":4},"end":{"line":10,"column":null}},"5":{"start":{"line":10,"column":26},"end":{"line":10,"column":null}},"6":{"start":{"line":11,"column":4},"end":{"line":11,"column":null}},"7":{"start":{"line":11,"column":24},"end":{"line":11,"column":null}},"8":{"start":{"line":12,"column":4},"end":{"line":12,"column":null}},"9":{"start":{"line":12,"column":24},"end":{"line":12,"column":null}},"10":{"start":{"line":14,"column":4},"end":{"line":16,"column":null}},"11":{"start":{"line":15,"column":8},"end":{"line":15,"column":null}},"12":{"start":{"line":18,"column":19},"end":{"line":18,"column":null}},"13":{"start":{"line":19,"column":18},"end":{"line":19,"column":null}},"14":{"start":{"line":20,"column":4},"end":{"line":20,"column":null}},"15":{"start":{"line":22,"column":4},"end":{"line":24,"column":null}},"16":{"start":{"line":22,"column":17},"end":{"line":22,"column":20}},"17":{"start":{"line":23,"column":8},"end":{"line":23,"column":null}},"18":{"start":{"line":26,"column":4},"end":{"line":26,"column":null}}},"fnMap":{"0":{"name":"(anonymous_0)","decl":{"start":{"line":1,"column":32},"end":{"line":1,"column":null}},"loc":{"start":{"line":7,"column":13},"end":{"line":27,"column":null}},"line":7}},"branchMap":{"0":{"loc":{"start":{"line":9,"column":4},"end":{"line":9,"column":null}},"type":"if","locations":[{"start":{"line":9,"column":4},"end":{"line":9,"column":null}},{"start":{},"end":{}}],"line":9},"1":{"loc":{"start":{"line":10,"column":4},"end":{"line":10,"column":null}},"type":"if","locations":[{"start":{"line":10,"column":4},"end":{"line":10,"column":null}},{"start":{},"end":{}}],"line":10},"2":{"loc":{"start":{"line":11,"column":4},"end":{"line":11,"column":null}},"type":"if","locations":[{"start":{"line":11,"column":4},"end":{"line":11,"column":null}},{"start":{},"end":{}}],"line":11},"3":{"loc":{"start":{"line":12,"column":4},"end":{"line":12,"column":null}},"type":"if","locations":[{"start":{"line":12,"column":4},"end":{"line":12,"column":null}},{"start":{},"end":{}}],"line":12},"4":{"loc":{"start":{"line":14,"column":4},"end":{"line":16,"column":null}},"type":"if","locations":[{"start":{"line":14,"column":4},"end":{"line":16,"column":null}},{"start":{},"end":{}}],"line":14}},"s":{"0":1,"1":5,"2":5,"3":4,"4":5,"5":4,"6":5,"7":4,"8":5,"9":4,"10":5,"11":0,"12":5,"13":5,"14":5,"15":5,"16":5,"17":160,"18":5},"f":{"0":5},"b":{"0":[4,1],"1":[4,1],"2":[4,1],"3":[4,1],"4":[0,5]},"meta":{"lastBranch":5,"lastFunction":1,"lastStatement":19,"seen":{"s:1:32:27:Infinity":0,"f:1:32:1:Infinity":0,"s:8:18:8:Infinity":1,"b:9:4:9:Infinity:undefined:undefined:undefined:undefined":0,"s:9:4:9:Infinity":2,"s:9:26:9:Infinity":3,"b:10:4:10:Infinity:undefined:undefined:undefined:undefined":1,"s:10:4:10:Infinity":4,"s:10:26:10:Infinity":5,"b:11:4:11:Infinity:undefined:undefined:undefined:undefined":2,"s:11:4:11:Infinity":6,"s:11:24:11:Infinity":7,"b:12:4:12:Infinity:undefined:undefined:undefined:undefined":3,"s:12:4:12:Infinity":8,"s:12:24:12:Infinity":9,"b:14:4:16:Infinity:undefined:undefined:undefined:undefined":4,"s:14:4:16:Infinity":10,"s:15:8:15:Infinity":11,"s:18:19:18:Infinity":12,"s:19:18:19:Infinity":13,"s:20:4:20:Infinity":14,"s:22:4:24:Infinity":15,"s:22:17:22:20":16,"s:23:8:23:Infinity":17,"s:26:4:26:Infinity":18}}}
,"C:\\Users\\Guru\\Desktop\\Projects\\Software\\Zero-Vault-Overall\\App\\secure_password_demo\\client\\src\\shared\\utils\\passwordStrength.ts": {"path":"C:\\Users\\Guru\\Desktop\\Projects\\Software\\Zero-Vault-Overall\\App\\secure_password_demo\\client\\src\\shared\\utils\\passwordStrength.ts","statementMap":{"0":{"start":{"line":14,"column":16},"end":{"line":14,"column":null}},"1":{"start":{"line":16,"column":4},"end":{"line":16,"column":null}},"2":{"start":{"line":16,"column":19},"end":{"line":16,"column":null}},"3":{"start":{"line":19,"column":4},"end":{"line":19,"column":null}},"4":{"start":{"line":19,"column":30},"end":{"line":19,"column":null}},"5":{"start":{"line":20,"column":4},"end":{"line":20,"column":null}},"6":{"start":{"line":20,"column":31},"end":{"line":20,"column":null}},"7":{"start":{"line":23,"column":4},"end":{"line":23,"column":null}},"8":{"start":{"line":23,"column":58},"end":{"line":23,"column":null}},"9":{"start":{"line":24,"column":4},"end":{"line":24,"column":null}},"10":{"start":{"line":24,"column":29},"end":{"line":24,"column":null}},"11":{"start":{"line":25,"column":4},"end":{"line":25,"column":null}},"12":{"start":{"line":25,"column":39},"end":{"line":25,"column":null}},"13":{"start":{"line":28,"column":4},"end":{"line":28,"column":null}},"14":{"start":{"line":30,"column":22},"end":{"line":36,"column":null}},"15":{"start":{"line":38,"column":4},"end":{"line":38,"column":null}},"16":{"start":{"line":50,"column":28},"end":{"line":55,"column":null}},"17":{"start":{"line":57,"column":4},"end":{"line":57,"column":null}},"18":{"start":{"line":57,"column":19},"end":{"line":57,"column":null}},"19":{"start":{"line":58,"column":4},"end":{"line":58,"column":null}}},"fnMap":{"0":{"name":"calculatePasswordStrength","decl":{"start":{"line":9,"column":16},"end":{"line":9,"column":42}},"loc":{"start":{"line":13,"column":2},"end":{"line":39,"column":null}},"line":13},"1":{"name":"isCommonPassword","decl":{"start":{"line":49,"column":16},"end":{"line":49,"column":33}},"loc":{"start":{"line":49,"column":60},"end":{"line":59,"column":null}},"line":49}},"branchMap":{"0":{"loc":{"start":{"line":16,"column":4},"end":{"line":16,"column":null}},"type":"if","locations":[{"start":{"line":16,"column":4},"end":{"line":16,"column":null}},{"start":{},"end":{}}],"line":16},"1":{"loc":{"start":{"line":19,"column":4},"end":{"line":19,"column":null}},"type":"if","locations":[{"start":{"line":19,"column":4},"end":{"line":19,"column":null}},{"start":{},"end":{}}],"line":19},"2":{"loc":{"start":{"line":20,"column":4},"end":{"line":20,"column":null}},"type":"if","locations":[{"start":{"line":20,"column":4},"end":{"line":20,"column":null}},{"start":{},"end":{}}],"line":20},"3":{"loc":{"start":{"line":23,"column":4},"end":{"line":23,"column":null}},"type":"if","locations":[{"start":{"line":23,"column":4},"end":{"line":23,"column":null}},{"start":{},"end":{}}],"line":23},"4":{"loc":{"start":{"line":23,"column":8},"end":{"line":23,"column":58}},"type":"binary-expr","locations":[{"start":{"line":23,"column":8},"end":{"line":23,"column":34}},{"start":{"line":23,"column":34},"end":{"line":23,"column":58}}],"line":23},"5":{"loc":{"start":{"line":24,"column":4},"end":{"line":24,"column":null}},"type":"if","locations":[{"start":{"line":24,"column":4},"end":{"line":24,"column":null}},{"start":{},"end":{}}],"line":24},"6":{"loc":{"start":{"line":25,"column":4},"end":{"line":25,"column":null}},"type":"if","locations":[{"start":{"line":25,"column":4},"end":{"line":25,"column":null}},{"start":{},"end":{}}],"line":25},"7":{"loc":{"start":{"line":57,"column":4},"end":{"line":57,"column":null}},"type":"if","locations":[{"start":{"line":57,"column":4},"end":{"line":57,"column":null}},{"start":{},"end":{}}],"line":57}},"s":{"0":14,"1":14,"2":1,"3":13,"4":7,"5":13,"6":6,"7":13,"8":6,"9":13,"10":7,"11":13,"12":6,"13":13,"14":13,"15":13,"16":3,"17":3,"18":0,"19":3},"f":{"0":14,"1":3},"b":{"0":[1,13],"1":[7,6],"2":[6,7],"3":[6,7],"4":[13,12],"5":[7,6],"6":[6,7],"7":[0,3]},"meta":{"lastBranch":8,"lastFunction":2,"lastStatement":20,"seen":{"f:9:16:9:42":0,"s:14:16:14:Infinity":0,"b:16:4:16:Infinity:undefined:undefined:undefined:undefined":0,"s:16:4:16:Infinity":1,"s:16:19:16:Infinity":2,"b:19:4:19:Infinity:undefined:undefined:undefined:undefined":1,"s:19:4:19:Infinity":3,"s:19:30:19:Infinity":4,"b:20:4:20:Infinity:undefined:undefined:undefined:undefined":2,"s:20:4:20:Infinity":5,"s:20:31:20:Infinity":6,"b:23:4:23:Infinity:undefined:undefined:undefined:undefined":3,"s:23:4:23:Infinity":7,"b:23:8:23:34:23:34:23:58":4,"s:23:58:23:Infinity":8,"b:24:4:24:Infinity:undefined:undefined:undefined:undefined":5,"s:24:4:24:Infinity":9,"s:24:29:24:Infinity":10,"b:25:4:25:Infinity:undefined:undefined:undefined:undefined":6,"s:25:4:25:Infinity":11,"s:25:39:25:Infinity":12,"s:28:4:28:Infinity":13,"s:30:22:36:Infinity":14,"s:38:4:38:Infinity":15,"f:49:16:49:33":1,"s:50:28:55:Infinity":16,"b:57:4:57:Infinity:undefined:undefined:undefined:undefined":7,"s:57:4:57:Infinity":17,"s:57:19:57:Infinity":18,"s:58:4:58:Infinity":19}}}
}
